LOG : Thu, 24 Nov 2016 20:24:21 parsing---- http://booksandjournals.brillonline.com/content/journals/22138609;jsessionid=kTSE9drNbrLORDIYic2r1BxN.x-brill-live-02
LOG : Thu, 24 Nov 2016 20:24:23 http://booksandjournals.brillonline.com/content/journals/22138609;jsessionid=kTSE9drNbrLORDIYic2r1BxN.x-brill-live-02 finish+++++
LOG : Thu, 24 Nov 2016 20:24:23 parsing---- http://booksandjournals.brillonline.com/content/journals/15685519;jsessionid=kTSE9drNbrLORDIYic2r1BxN.x-brill-live-02
LOG : Thu, 24 Nov 2016 20:24:25 http://booksandjournals.brillonline.com/content/journals/15685519;jsessionid=kTSE9drNbrLORDIYic2r1BxN.x-brill-live-02 finish+++++
LOG : Thu, 24 Nov 2016 20:24:25 parsing---- http://booksandjournals.brillonline.com/content/journals/15685527;jsessionid=kTSE9drNbrLORDIYic2r1BxN.x-brill-live-02
LOG : Thu, 24 Nov 2016 20:24:30 http://booksandjournals.brillonline.com/content/journals/15685527;jsessionid=kTSE9drNbrLORDIYic2r1BxN.x-brill-live-02 finish+++++
LOG : Thu, 24 Nov 2016 20:24:30 parsing---- http://booksandjournals.brillonline.com/content/journals/15685535;jsessionid=kTSE9drNbrLORDIYic2r1BxN.x-brill-live-02
LOG : Thu, 24 Nov 2016 20:24:32 http://booksandjournals.brillonline.com/content/journals/15685535;jsessionid=kTSE9drNbrLORDIYic2r1BxN.x-brill-live-02 finish+++++
LOG : Thu, 24 Nov 2016 20:24:32 parsing---- http://booksandjournals.brillonline.com/content/journals/15692108;jsessionid=kTSE9drNbrLORDIYic2r1BxN.x-brill-live-02
LOG : Thu, 24 Nov 2016 20:24:35 http://booksandjournals.brillonline.com/content/journals/15692108;jsessionid=kTSE9drNbrLORDIYic2r1BxN.x-brill-live-02 finish+++++
LOG : Thu, 24 Nov 2016 20:24:35 parsing---- http://booksandjournals.brillonline.com/content/journals/18725465;jsessionid=kTSE9drNbrLORDIYic2r1BxN.x-brill-live-02
LOG : Thu, 24 Nov 2016 20:24:38 http://booksandjournals.brillonline.com/content/journals/18725465;jsessionid=kTSE9drNbrLORDIYic2r1BxN.x-brill-live-02 finish+++++
LOG : Thu, 24 Nov 2016 20:24:38 parsing---- http://booksandjournals.brillonline.com/content/journals/17087384;jsessionid=kTSE9drNbrLORDIYic2r1BxN.x-brill-live-02
LOG : Thu, 24 Nov 2016 20:24:39 http://booksandjournals.brillonline.com/content/journals/17087384;jsessionid=kTSE9drNbrLORDIYic2r1BxN.x-brill-live-02 finish+++++
LOG : Thu, 24 Nov 2016 20:24:39 parsing---- http://booksandjournals.brillonline.com/content/journals/22116176;jsessionid=kTSE9drNbrLORDIYic2r1BxN.x-brill-live-02
LOG : Thu, 24 Nov 2016 20:24:42 http://booksandjournals.brillonline.com/content/journals/22116176;jsessionid=kTSE9drNbrLORDIYic2r1BxN.x-brill-live-02 finish+++++
LOG : Thu, 24 Nov 2016 20:24:42 parsing---- http://booksandjournals.brillonline.com/content/journals/22321969;jsessionid=kTSE9drNbrLORDIYic2r1BxN.x-brill-live-02
LOG : Thu, 24 Nov 2016 20:24:46 http://booksandjournals.brillonline.com/content/journals/22321969;jsessionid=kTSE9drNbrLORDIYic2r1BxN.x-brill-live-02 finish+++++
LOG : Thu, 24 Nov 2016 20:24:46 parsing---- http://booksandjournals.brillonline.com/content/journals/15685381;jsessionid=kTSE9drNbrLORDIYic2r1BxN.x-brill-live-02
LOG : Thu, 24 Nov 2016 20:24:48 http://booksandjournals.brillonline.com/content/journals/15685381;jsessionid=kTSE9drNbrLORDIYic2r1BxN.x-brill-live-02 finish+++++
LOG : Thu, 24 Nov 2016 20:24:48 parsing---- http://booksandjournals.brillonline.com/content/journals/18756719;jsessionid=kTSE9drNbrLORDIYic2r1BxN.x-brill-live-02
LOG : Thu, 24 Nov 2016 20:24:51 http://booksandjournals.brillonline.com/content/journals/18756719;jsessionid=kTSE9drNbrLORDIYic2r1BxN.x-brill-live-02 finish+++++
LOG : Thu, 24 Nov 2016 20:24:51 parsing---- http://booksandjournals.brillonline.com/content/journals/15700577;jsessionid=kTSE9drNbrLORDIYic2r1BxN.x-brill-live-02
LOG : Thu, 24 Nov 2016 20:24:54 http://booksandjournals.brillonline.com/content/journals/15700577;jsessionid=kTSE9drNbrLORDIYic2r1BxN.x-brill-live-02 finish+++++
LOG : Thu, 24 Nov 2016 20:24:54 parsing---- http://booksandjournals.brillonline.com/content/journals/15707563;jsessionid=kTSE9drNbrLORDIYic2r1BxN.x-brill-live-02
LOG : Thu, 24 Nov 2016 20:24:58 http://booksandjournals.brillonline.com/content/journals/15707563;jsessionid=kTSE9drNbrLORDIYic2r1BxN.x-brill-live-02 finish+++++
LOG : Thu, 24 Nov 2016 20:24:58 parsing---- http://booksandjournals.brillonline.com/content/journals/22105875;jsessionid=kTSE9drNbrLORDIYic2r1BxN.x-brill-live-02
LOG : Thu, 24 Nov 2016 20:25:01 http://booksandjournals.brillonline.com/content/journals/22105875;jsessionid=kTSE9drNbrLORDIYic2r1BxN.x-brill-live-02 finish+++++
LOG : Thu, 24 Nov 2016 20:25:01 parsing---- http://booksandjournals.brillonline.com/content/journals/24685631;jsessionid=kTSE9drNbrLORDIYic2r1BxN.x-brill-live-02
LOG : Thu, 24 Nov 2016 20:25:05 http://booksandjournals.brillonline.com/content/journals/24685631;jsessionid=kTSE9drNbrLORDIYic2r1BxN.x-brill-live-02 finish+++++
LOG : Thu, 24 Nov 2016 20:25:05 parsing---- http://booksandjournals.brillonline.com/content/journals/22136436;jsessionid=kTSE9drNbrLORDIYic2r1BxN.x-brill-live-02
LOG : Thu, 24 Nov 2016 20:25:07 http://booksandjournals.brillonline.com/content/journals/22136436;jsessionid=kTSE9drNbrLORDIYic2r1BxN.x-brill-live-02 finish+++++
LOG : Thu, 24 Nov 2016 20:25:07 parsing---- http://booksandjournals.brillonline.com/content/journals/22115730;jsessionid=kTSE9drNbrLORDIYic2r1BxN.x-brill-live-02
LOG : Thu, 24 Nov 2016 20:25:08 http://booksandjournals.brillonline.com/content/journals/22115730;jsessionid=kTSE9drNbrLORDIYic2r1BxN.x-brill-live-02 finish+++++
LOG : Thu, 24 Nov 2016 20:25:08 parsing---- http://booksandjournals.brillonline.com/content/journals/15707547;jsessionid=kTSE9drNbrLORDIYic2r1BxN.x-brill-live-02
LOG : Thu, 24 Nov 2016 20:25:10 http://booksandjournals.brillonline.com/content/journals/15707547;jsessionid=kTSE9drNbrLORDIYic2r1BxN.x-brill-live-02 finish+++++
LOG : Thu, 24 Nov 2016 20:25:10 parsing---- http://booksandjournals.brillonline.com/content/journals/15730255;jsessionid=kTSE9drNbrLORDIYic2r1BxN.x-brill-live-02
LOG : Thu, 24 Nov 2016 20:25:11 http://booksandjournals.brillonline.com/content/journals/15730255;jsessionid=kTSE9drNbrLORDIYic2r1BxN.x-brill-live-02 finish+++++
LOG : Thu, 24 Nov 2016 20:25:11 parsing---- http://booksandjournals.brillonline.com/content/journals/15700585;jsessionid=kTSE9drNbrLORDIYic2r1BxN.x-brill-live-02
LOG : Thu, 24 Nov 2016 20:25:17 http://booksandjournals.brillonline.com/content/journals/15700585;jsessionid=kTSE9drNbrLORDIYic2r1BxN.x-brill-live-02 finish+++++
LOG : Thu, 24 Nov 2016 20:25:17 parsing---- http://booksandjournals.brillonline.com/content/journals/17455227;jsessionid=kTSE9drNbrLORDIYic2r1BxN.x-brill-live-02
LOG : Thu, 24 Nov 2016 20:25:18 http://booksandjournals.brillonline.com/content/journals/17455227;jsessionid=kTSE9drNbrLORDIYic2r1BxN.x-brill-live-02 finish+++++
LOG : Thu, 24 Nov 2016 20:25:18 parsing---- http://booksandjournals.brillonline.com/content/journals/15736121;jsessionid=kTSE9drNbrLORDIYic2r1BxN.x-brill-live-02
LOG : Thu, 24 Nov 2016 20:25:22 http://booksandjournals.brillonline.com/content/journals/15736121;jsessionid=kTSE9drNbrLORDIYic2r1BxN.x-brill-live-02 finish+++++
LOG : Thu, 24 Nov 2016 20:25:22 parsing---- http://booksandjournals.brillonline.com/content/journals/18753019;jsessionid=kTSE9drNbrLORDIYic2r1BxN.x-brill-live-02
LOG : Thu, 24 Nov 2016 20:25:23 http://booksandjournals.brillonline.com/content/journals/18753019;jsessionid=kTSE9drNbrLORDIYic2r1BxN.x-brill-live-02 finish+++++
LOG : Thu, 24 Nov 2016 20:25:23 parsing---- http://booksandjournals.brillonline.com/content/journals/15700593;jsessionid=kTSE9drNbrLORDIYic2r1BxN.x-brill-live-02
LOG : Thu, 24 Nov 2016 20:25:25 http://booksandjournals.brillonline.com/content/journals/15700593;jsessionid=kTSE9drNbrLORDIYic2r1BxN.x-brill-live-02 finish+++++
LOG : Thu, 24 Nov 2016 20:25:25 parsing---- http://booksandjournals.brillonline.com/content/journals/22134913;jsessionid=kTSE9drNbrLORDIYic2r1BxN.x-brill-live-02
LOG : Thu, 24 Nov 2016 20:25:26 http://booksandjournals.brillonline.com/content/journals/22134913;jsessionid=kTSE9drNbrLORDIYic2r1BxN.x-brill-live-02 finish+++++
LOG : Thu, 24 Nov 2016 20:25:26 parsing---- http://booksandjournals.brillonline.com/content/journals/24519391;jsessionid=kTSE9drNbrLORDIYic2r1BxN.x-brill-live-02
LOG : Thu, 24 Nov 2016 20:25:28 http://booksandjournals.brillonline.com/content/journals/24519391;jsessionid=kTSE9drNbrLORDIYic2r1BxN.x-brill-live-02 finish+++++
LOG : Thu, 24 Nov 2016 20:25:28 parsing---- http://booksandjournals.brillonline.com/content/journals/15718158;jsessionid=kTSE9drNbrLORDIYic2r1BxN.x-brill-live-02
LOG : Thu, 24 Nov 2016 20:25:30 http://booksandjournals.brillonline.com/content/journals/15718158;jsessionid=kTSE9drNbrLORDIYic2r1BxN.x-brill-live-02 finish+++++
LOG : Thu, 24 Nov 2016 20:25:30 parsing---- http://booksandjournals.brillonline.com/content/journals/23523085;jsessionid=kTSE9drNbrLORDIYic2r1BxN.x-brill-live-02
LOG : Thu, 24 Nov 2016 20:25:32 http://booksandjournals.brillonline.com/content/journals/23523085;jsessionid=kTSE9drNbrLORDIYic2r1BxN.x-brill-live-02 finish+++++
LOG : Thu, 24 Nov 2016 20:25:32 parsing---- http://booksandjournals.brillonline.com/content/journals/15685314;jsessionid=kTSE9drNbrLORDIYic2r1BxN.x-brill-live-02
LOG : Thu, 24 Nov 2016 20:25:35 http://booksandjournals.brillonline.com/content/journals/15685314;jsessionid=kTSE9drNbrLORDIYic2r1BxN.x-brill-live-02 finish+++++
LOG : Thu, 24 Nov 2016 20:25:35 parsing---- http://booksandjournals.brillonline.com/content/journals/15734218;jsessionid=kTSE9drNbrLORDIYic2r1BxN.x-brill-live-02
LOG : Thu, 24 Nov 2016 20:25:37 http://booksandjournals.brillonline.com/content/journals/15734218;jsessionid=kTSE9drNbrLORDIYic2r1BxN.x-brill-live-02 finish+++++
LOG : Thu, 24 Nov 2016 20:25:37 parsing---- http://booksandjournals.brillonline.com/content/journals/22142312;jsessionid=kTSE9drNbrLORDIYic2r1BxN.x-brill-live-02
LOG : Thu, 24 Nov 2016 20:25:39 http://booksandjournals.brillonline.com/content/journals/22142312;jsessionid=kTSE9drNbrLORDIYic2r1BxN.x-brill-live-02 finish+++++
LOG : Thu, 24 Nov 2016 20:25:39 parsing---- http://booksandjournals.brillonline.com/content/journals/15736512;jsessionid=kTSE9drNbrLORDIYic2r1BxN.x-brill-live-02
LOG : Thu, 24 Nov 2016 20:25:41 http://booksandjournals.brillonline.com/content/journals/15736512;jsessionid=kTSE9drNbrLORDIYic2r1BxN.x-brill-live-02 finish+++++
LOG : Thu, 24 Nov 2016 20:25:41 parsing---- http://booksandjournals.brillonline.com/content/journals/22115897;jsessionid=EzB9TeabgRH2mGRM-j_FImj7.x-brill-live-02
LOG : Thu, 24 Nov 2016 20:25:52 http://booksandjournals.brillonline.com/content/journals/22115897;jsessionid=EzB9TeabgRH2mGRM-j_FImj7.x-brill-live-02 finish+++++
LOG : Thu, 24 Nov 2016 20:25:52 parsing---- http://booksandjournals.brillonline.com/content/journals/24689246;jsessionid=EzB9TeabgRH2mGRM-j_FImj7.x-brill-live-02
LOG : Thu, 24 Nov 2016 20:25:54 http://booksandjournals.brillonline.com/content/journals/24689246;jsessionid=EzB9TeabgRH2mGRM-j_FImj7.x-brill-live-02 finish+++++
LOG : Thu, 24 Nov 2016 20:25:54 parsing---- http://booksandjournals.brillonline.com/content/journals/1568539x;jsessionid=EzB9TeabgRH2mGRM-j_FImj7.x-brill-live-02
LOG : Thu, 24 Nov 2016 20:26:00 http://booksandjournals.brillonline.com/content/journals/1568539x;jsessionid=EzB9TeabgRH2mGRM-j_FImj7.x-brill-live-02 finish+++++
LOG : Thu, 24 Nov 2016 20:26:00 parsing---- http://booksandjournals.brillonline.com/content/journals/15685152;jsessionid=EzB9TeabgRH2mGRM-j_FImj7.x-brill-live-02
LOG : Thu, 24 Nov 2016 20:26:08 http://booksandjournals.brillonline.com/content/journals/15685152;jsessionid=EzB9TeabgRH2mGRM-j_FImj7.x-brill-live-02 finish+++++
LOG : Thu, 24 Nov 2016 20:26:08 parsing---- http://booksandjournals.brillonline.com/content/journals/22134379;jsessionid=EzB9TeabgRH2mGRM-j_FImj7.x-brill-live-02
LOG : Thu, 24 Nov 2016 20:26:13 http://booksandjournals.brillonline.com/content/journals/22134379;jsessionid=EzB9TeabgRH2mGRM-j_FImj7.x-brill-live-02 finish+++++
LOG : Thu, 24 Nov 2016 20:26:13 parsing---- http://booksandjournals.brillonline.com/content/journals/15693910;jsessionid=EzB9TeabgRH2mGRM-j_FImj7.x-brill-live-02
LOG : Thu, 24 Nov 2016 20:26:17 http://booksandjournals.brillonline.com/content/journals/15693910;jsessionid=EzB9TeabgRH2mGRM-j_FImj7.x-brill-live-02 finish+++++
LOG : Thu, 24 Nov 2016 20:26:17 parsing---- http://booksandjournals.brillonline.com/content/journals/23527056;jsessionid=EzB9TeabgRH2mGRM-j_FImj7.x-brill-live-02
LOG : Thu, 24 Nov 2016 20:26:20 http://booksandjournals.brillonline.com/content/journals/23527056;jsessionid=EzB9TeabgRH2mGRM-j_FImj7.x-brill-live-02 finish+++++
LOG : Thu, 24 Nov 2016 20:26:20 parsing---- http://booksandjournals.brillonline.com/content/journals/23527064;jsessionid=EzB9TeabgRH2mGRM-j_FImj7.x-brill-live-02
LOG : Thu, 24 Nov 2016 20:26:23 http://booksandjournals.brillonline.com/content/journals/23527064;jsessionid=EzB9TeabgRH2mGRM-j_FImj7.x-brill-live-02 finish+++++
LOG : Thu, 24 Nov 2016 20:26:23 parsing---- http://booksandjournals.brillonline.com/content/journals/23527072;jsessionid=EzB9TeabgRH2mGRM-j_FImj7.x-brill-live-02
LOG : Thu, 24 Nov 2016 20:26:24 http://booksandjournals.brillonline.com/content/journals/23527072;jsessionid=EzB9TeabgRH2mGRM-j_FImj7.x-brill-live-02 finish+++++
LOG : Thu, 24 Nov 2016 20:26:24 parsing---- http://booksandjournals.brillonline.com/content/journals/23527080;jsessionid=EzB9TeabgRH2mGRM-j_FImj7.x-brill-live-02
LOG : Thu, 24 Nov 2016 20:26:27 http://booksandjournals.brillonline.com/content/journals/23527080;jsessionid=EzB9TeabgRH2mGRM-j_FImj7.x-brill-live-02 finish+++++
LOG : Thu, 24 Nov 2016 20:26:27 parsing---- http://booksandjournals.brillonline.com/content/journals/24684309;jsessionid=EzB9TeabgRH2mGRM-j_FImj7.x-brill-live-02
LOG : Thu, 24 Nov 2016 20:26:29 http://booksandjournals.brillonline.com/content/journals/24684309;jsessionid=EzB9TeabgRH2mGRM-j_FImj7.x-brill-live-02 finish+++++
LOG : Thu, 24 Nov 2016 20:26:29 parsing---- http://booksandjournals.brillonline.com/content/journals/24057657;jsessionid=EzB9TeabgRH2mGRM-j_FImj7.x-brill-live-02
LOG : Thu, 24 Nov 2016 20:26:31 http://booksandjournals.brillonline.com/content/journals/24057657;jsessionid=EzB9TeabgRH2mGRM-j_FImj7.x-brill-live-02 finish+++++
LOG : Thu, 24 Nov 2016 20:26:31 parsing---- http://booksandjournals.brillonline.com/content/journals/24522031;jsessionid=EzB9TeabgRH2mGRM-j_FImj7.x-brill-live-02
LOG : Thu, 24 Nov 2016 20:26:33 http://booksandjournals.brillonline.com/content/journals/24522031;jsessionid=EzB9TeabgRH2mGRM-j_FImj7.x-brill-live-02 finish+++++
LOG : Thu, 24 Nov 2016 20:26:33 parsing---- http://booksandjournals.brillonline.com/content/journals/24519529;jsessionid=EzB9TeabgRH2mGRM-j_FImj7.x-brill-live-02
LOG : Thu, 24 Nov 2016 20:26:35 http://booksandjournals.brillonline.com/content/journals/24519529;jsessionid=EzB9TeabgRH2mGRM-j_FImj7.x-brill-live-02 finish+++++
LOG : Thu, 24 Nov 2016 20:26:35 parsing---- http://booksandjournals.brillonline.com/content/journals/24056006;jsessionid=EzB9TeabgRH2mGRM-j_FImj7.x-brill-live-02
LOG : Thu, 24 Nov 2016 20:26:39 http://booksandjournals.brillonline.com/content/journals/24056006;jsessionid=EzB9TeabgRH2mGRM-j_FImj7.x-brill-live-02 finish+++++
LOG : Thu, 24 Nov 2016 20:26:39 parsing---- http://booksandjournals.brillonline.com/content/journals/24681849;jsessionid=EzB9TeabgRH2mGRM-j_FImj7.x-brill-live-02
LOG : Thu, 24 Nov 2016 20:26:41 http://booksandjournals.brillonline.com/content/journals/24681849;jsessionid=EzB9TeabgRH2mGRM-j_FImj7.x-brill-live-02 finish+++++
LOG : Thu, 24 Nov 2016 20:26:41 parsing---- http://booksandjournals.brillonline.com/content/journals/24058386;jsessionid=EzB9TeabgRH2mGRM-j_FImj7.x-brill-live-02
LOG : Thu, 24 Nov 2016 20:26:43 http://booksandjournals.brillonline.com/content/journals/24058386;jsessionid=EzB9TeabgRH2mGRM-j_FImj7.x-brill-live-02 finish+++++
LOG : Thu, 24 Nov 2016 20:26:43 parsing---- http://booksandjournals.brillonline.com/content/journals/24519227;jsessionid=EzB9TeabgRH2mGRM-j_FImj7.x-brill-live-02
LOG : Thu, 24 Nov 2016 20:26:45 http://booksandjournals.brillonline.com/content/journals/24519227;jsessionid=EzB9TeabgRH2mGRM-j_FImj7.x-brill-live-02 finish+++++
LOG : Thu, 24 Nov 2016 20:26:45 parsing---- http://booksandjournals.brillonline.com/content/journals/24056936;jsessionid=EzB9TeabgRH2mGRM-j_FImj7.x-brill-live-02
LOG : Thu, 24 Nov 2016 20:26:47 http://booksandjournals.brillonline.com/content/journals/24056936;jsessionid=EzB9TeabgRH2mGRM-j_FImj7.x-brill-live-02 finish+++++
LOG : Thu, 24 Nov 2016 20:26:47 parsing---- http://booksandjournals.brillonline.com/content/journals/24518638;jsessionid=EzB9TeabgRH2mGRM-j_FImj7.x-brill-live-02
LOG : Thu, 24 Nov 2016 20:26:49 http://booksandjournals.brillonline.com/content/journals/24518638;jsessionid=EzB9TeabgRH2mGRM-j_FImj7.x-brill-live-02 finish+++++
LOG : Thu, 24 Nov 2016 20:26:49 parsing---- http://booksandjournals.brillonline.com/content/journals/24055778;jsessionid=EzB9TeabgRH2mGRM-j_FImj7.x-brill-live-02
LOG : Thu, 24 Nov 2016 20:26:53 http://booksandjournals.brillonline.com/content/journals/24055778;jsessionid=EzB9TeabgRH2mGRM-j_FImj7.x-brill-live-02 finish+++++
LOG : Thu, 24 Nov 2016 20:26:53 parsing---- http://booksandjournals.brillonline.com/content/journals/24522058;jsessionid=EzB9TeabgRH2mGRM-j_FImj7.x-brill-live-02
LOG : Thu, 24 Nov 2016 20:26:54 http://booksandjournals.brillonline.com/content/journals/24522058;jsessionid=EzB9TeabgRH2mGRM-j_FImj7.x-brill-live-02 finish+++++
LOG : Thu, 24 Nov 2016 20:26:54 parsing---- http://booksandjournals.brillonline.com/content/journals/23529369;jsessionid=EzB9TeabgRH2mGRM-j_FImj7.x-brill-live-02
LOG : Thu, 24 Nov 2016 20:26:57 http://booksandjournals.brillonline.com/content/journals/23529369;jsessionid=EzB9TeabgRH2mGRM-j_FImj7.x-brill-live-02 finish+++++
LOG : Thu, 24 Nov 2016 20:26:57 parsing---- http://booksandjournals.brillonline.com/content/journals/24688169;jsessionid=EzB9TeabgRH2mGRM-j_FImj7.x-brill-live-02
LOG : Thu, 24 Nov 2016 20:26:59 http://booksandjournals.brillonline.com/content/journals/24688169;jsessionid=EzB9TeabgRH2mGRM-j_FImj7.x-brill-live-02 finish+++++
LOG : Thu, 24 Nov 2016 20:26:59 parsing---- http://booksandjournals.brillonline.com/content/journals/24682993;jsessionid=EzB9TeabgRH2mGRM-j_FImj7.x-brill-live-02
LOG : Thu, 24 Nov 2016 20:27:01 http://booksandjournals.brillonline.com/content/journals/24682993;jsessionid=EzB9TeabgRH2mGRM-j_FImj7.x-brill-live-02 finish+++++
LOG : Thu, 24 Nov 2016 20:27:01 parsing---- http://booksandjournals.brillonline.com/content/journals/2352877x;jsessionid=EzB9TeabgRH2mGRM-j_FImj7.x-brill-live-02
LOG : Thu, 24 Nov 2016 20:27:04 http://booksandjournals.brillonline.com/content/journals/2352877x;jsessionid=EzB9TeabgRH2mGRM-j_FImj7.x-brill-live-02 finish+++++
LOG : Thu, 24 Nov 2016 20:27:04 parsing---- http://booksandjournals.brillonline.com/content/journals/24682543;jsessionid=EzB9TeabgRH2mGRM-j_FImj7.x-brill-live-02
LOG : Thu, 24 Nov 2016 20:27:06 http://booksandjournals.brillonline.com/content/journals/24682543;jsessionid=EzB9TeabgRH2mGRM-j_FImj7.x-brill-live-02 finish+++++
LOG : Thu, 24 Nov 2016 20:27:06 parsing---- http://booksandjournals.brillonline.com/content/journals/24688878;jsessionid=EzB9TeabgRH2mGRM-j_FImj7.x-brill-live-02
LOG : Thu, 24 Nov 2016 20:27:08 http://booksandjournals.brillonline.com/content/journals/24688878;jsessionid=EzB9TeabgRH2mGRM-j_FImj7.x-brill-live-02 finish+++++
LOG : Thu, 24 Nov 2016 20:27:08 parsing---- http://booksandjournals.brillonline.com/content/journals/24685569;jsessionid=EzB9TeabgRH2mGRM-j_FImj7.x-brill-live-02
LOG : Thu, 24 Nov 2016 20:27:10 http://booksandjournals.brillonline.com/content/journals/24685569;jsessionid=EzB9TeabgRH2mGRM-j_FImj7.x-brill-live-02 finish+++++
LOG : Thu, 24 Nov 2016 20:27:10 parsing---- http://booksandjournals.brillonline.com/content/journals/24519359;jsessionid=EzB9TeabgRH2mGRM-j_FImj7.x-brill-live-02
LOG : Thu, 24 Nov 2016 20:27:12 http://booksandjournals.brillonline.com/content/journals/24519359;jsessionid=EzB9TeabgRH2mGRM-j_FImj7.x-brill-live-02 finish+++++
LOG : Thu, 24 Nov 2016 20:27:12 parsing---- http://booksandjournals.brillonline.com/content/journals/24683493;jsessionid=EzB9TeabgRH2mGRM-j_FImj7.x-brill-live-02
LOG : Thu, 24 Nov 2016 20:27:15 http://booksandjournals.brillonline.com/content/journals/24683493;jsessionid=EzB9TeabgRH2mGRM-j_FImj7.x-brill-live-02 finish+++++
LOG : Thu, 24 Nov 2016 20:27:15 parsing---- http://booksandjournals.brillonline.com/content/journals/24680931;jsessionid=EzB9TeabgRH2mGRM-j_FImj7.x-brill-live-02
LOG : Thu, 24 Nov 2016 20:27:17 http://booksandjournals.brillonline.com/content/journals/24680931;jsessionid=EzB9TeabgRH2mGRM-j_FImj7.x-brill-live-02 finish+++++
LOG : Thu, 24 Nov 2016 20:27:17 parsing---- http://booksandjournals.brillonline.com/content/journals/24518522;jsessionid=EzB9TeabgRH2mGRM-j_FImj7.x-brill-live-02
LOG : Thu, 24 Nov 2016 20:27:19 http://booksandjournals.brillonline.com/content/journals/24518522;jsessionid=EzB9TeabgRH2mGRM-j_FImj7.x-brill-live-02 finish+++++
LOG : Thu, 24 Nov 2016 20:27:19 parsing---- http://booksandjournals.brillonline.com/content/journals/18776930;jsessionid=EzB9TeabgRH2mGRM-j_FImj7.x-brill-live-02
LOG : Thu, 24 Nov 2016 20:27:20 http://booksandjournals.brillonline.com/content/journals/18776930;jsessionid=EzB9TeabgRH2mGRM-j_FImj7.x-brill-live-02 finish+++++
LOG : Thu, 24 Nov 2016 20:27:20 parsing---- http://booksandjournals.brillonline.com/content/journals/2405478x;jsessionid=EzB9TeabgRH2mGRM-j_FImj7.x-brill-live-02
LOG : Thu, 24 Nov 2016 20:27:28 http://booksandjournals.brillonline.com/content/journals/2405478x;jsessionid=EzB9TeabgRH2mGRM-j_FImj7.x-brill-live-02 finish+++++
LOG : Thu, 24 Nov 2016 20:27:28 parsing---- http://booksandjournals.brillonline.com/content/journals/18785328;jsessionid=EzB9TeabgRH2mGRM-j_FImj7.x-brill-live-02
LOG : Thu, 24 Nov 2016 20:27:29 http://booksandjournals.brillonline.com/content/journals/18785328;jsessionid=EzB9TeabgRH2mGRM-j_FImj7.x-brill-live-02 finish+++++
LOG : Thu, 24 Nov 2016 20:27:29 parsing---- http://booksandjournals.brillonline.com/content/journals/19606028;jsessionid=dLy8Wc769Ee90_VfFMFHfKSs.x-brill-live-03
LOG : Thu, 24 Nov 2016 20:27:41 http://booksandjournals.brillonline.com/content/journals/19606028;jsessionid=dLy8Wc769Ee90_VfFMFHfKSs.x-brill-live-03 finish+++++
LOG : Thu, 24 Nov 2016 20:27:41 parsing---- http://booksandjournals.brillonline.com/content/journals/22102396;jsessionid=dLy8Wc769Ee90_VfFMFHfKSs.x-brill-live-03
LOG : Thu, 24 Nov 2016 20:27:44 http://booksandjournals.brillonline.com/content/journals/22102396;jsessionid=dLy8Wc769Ee90_VfFMFHfKSs.x-brill-live-03 finish+++++
LOG : Thu, 24 Nov 2016 20:27:44 parsing---- http://booksandjournals.brillonline.com/content/journals/22149546;jsessionid=dLy8Wc769Ee90_VfFMFHfKSs.x-brill-live-03
LOG : Thu, 24 Nov 2016 20:27:45 http://booksandjournals.brillonline.com/content/journals/22149546;jsessionid=dLy8Wc769Ee90_VfFMFHfKSs.x-brill-live-03 finish+++++
LOG : Thu, 24 Nov 2016 20:27:45 parsing---- http://booksandjournals.brillonline.com/content/journals/22142290;jsessionid=dLy8Wc769Ee90_VfFMFHfKSs.x-brill-live-03
LOG : Thu, 24 Nov 2016 20:27:48 http://booksandjournals.brillonline.com/content/journals/22142290;jsessionid=dLy8Wc769Ee90_VfFMFHfKSs.x-brill-live-03 finish+++++
LOG : Thu, 24 Nov 2016 20:27:48 parsing---- http://booksandjournals.brillonline.com/content/journals/23527196;jsessionid=dLy8Wc769Ee90_VfFMFHfKSs.x-brill-live-03
LOG : Thu, 24 Nov 2016 20:27:50 http://booksandjournals.brillonline.com/content/journals/23527196;jsessionid=dLy8Wc769Ee90_VfFMFHfKSs.x-brill-live-03 finish+++++
LOG : Thu, 24 Nov 2016 20:27:50 parsing---- http://booksandjournals.brillonline.com/content/journals/18765149;jsessionid=dLy8Wc769Ee90_VfFMFHfKSs.x-brill-live-03
LOG : Thu, 24 Nov 2016 20:27:55 http://booksandjournals.brillonline.com/content/journals/18765149;jsessionid=dLy8Wc769Ee90_VfFMFHfKSs.x-brill-live-03 finish+++++
LOG : Thu, 24 Nov 2016 20:27:55 parsing---- http://booksandjournals.brillonline.com/content/journals/24686042;jsessionid=dLy8Wc769Ee90_VfFMFHfKSs.x-brill-live-03
LOG : Thu, 24 Nov 2016 20:27:57 http://booksandjournals.brillonline.com/content/journals/24686042;jsessionid=dLy8Wc769Ee90_VfFMFHfKSs.x-brill-live-03 finish+++++
LOG : Thu, 24 Nov 2016 20:27:57 parsing---- http://booksandjournals.brillonline.com/content/journals/23525207;jsessionid=dLy8Wc769Ee90_VfFMFHfKSs.x-brill-live-03
LOG : Thu, 24 Nov 2016 20:27:59 http://booksandjournals.brillonline.com/content/journals/23525207;jsessionid=dLy8Wc769Ee90_VfFMFHfKSs.x-brill-live-03 finish+++++
LOG : Thu, 24 Nov 2016 20:27:59 parsing---- http://booksandjournals.brillonline.com/content/journals/18712428;jsessionid=dLy8Wc769Ee90_VfFMFHfKSs.x-brill-live-03
LOG : Thu, 24 Nov 2016 20:28:03 http://booksandjournals.brillonline.com/content/journals/18712428;jsessionid=dLy8Wc769Ee90_VfFMFHfKSs.x-brill-live-03 finish+++++
LOG : Thu, 24 Nov 2016 20:28:03 parsing---- http://booksandjournals.brillonline.com/content/journals/18786561;jsessionid=dLy8Wc769Ee90_VfFMFHfKSs.x-brill-live-03
LOG : Thu, 24 Nov 2016 20:28:09 http://booksandjournals.brillonline.com/content/journals/18786561;jsessionid=dLy8Wc769Ee90_VfFMFHfKSs.x-brill-live-03 finish+++++
LOG : Thu, 24 Nov 2016 20:28:09 parsing---- http://booksandjournals.brillonline.com/content/journals/23526416;jsessionid=dLy8Wc769Ee90_VfFMFHfKSs.x-brill-live-03
LOG : Thu, 24 Nov 2016 20:28:12 http://booksandjournals.brillonline.com/content/journals/23526416;jsessionid=dLy8Wc769Ee90_VfFMFHfKSs.x-brill-live-03 finish+++++
LOG : Thu, 24 Nov 2016 20:28:12 parsing---- http://booksandjournals.brillonline.com/content/journals/15691330;jsessionid=dLy8Wc769Ee90_VfFMFHfKSs.x-brill-live-03
LOG : Thu, 24 Nov 2016 20:28:15 http://booksandjournals.brillonline.com/content/journals/15691330;jsessionid=dLy8Wc769Ee90_VfFMFHfKSs.x-brill-live-03 finish+++++
LOG : Thu, 24 Nov 2016 20:28:15 parsing---- http://booksandjournals.brillonline.com/content/journals/15685543;jsessionid=dLy8Wc769Ee90_VfFMFHfKSs.x-brill-live-03
LOG : Thu, 24 Nov 2016 20:28:17 http://booksandjournals.brillonline.com/content/journals/15685543;jsessionid=dLy8Wc769Ee90_VfFMFHfKSs.x-brill-live-03 finish+++++
LOG : Thu, 24 Nov 2016 20:28:17 parsing---- http://booksandjournals.brillonline.com/content/journals/18758185;jsessionid=dLy8Wc769Ee90_VfFMFHfKSs.x-brill-live-03
LOG : Thu, 24 Nov 2016 20:28:20 http://booksandjournals.brillonline.com/content/journals/18758185;jsessionid=dLy8Wc769Ee90_VfFMFHfKSs.x-brill-live-03 finish+++++
LOG : Thu, 24 Nov 2016 20:28:20 parsing---- http://booksandjournals.brillonline.com/content/journals/1874656x;jsessionid=dLy8Wc769Ee90_VfFMFHfKSs.x-brill-live-03
LOG : Thu, 24 Nov 2016 20:28:23 http://booksandjournals.brillonline.com/content/journals/1874656x;jsessionid=dLy8Wc769Ee90_VfFMFHfKSs.x-brill-live-03 finish+++++
LOG : Thu, 24 Nov 2016 20:28:23 parsing---- http://booksandjournals.brillonline.com/content/journals/15685403;jsessionid=dLy8Wc769Ee90_VfFMFHfKSs.x-brill-live-03
LOG : Thu, 24 Nov 2016 20:28:25 http://booksandjournals.brillonline.com/content/journals/15685403;jsessionid=dLy8Wc769Ee90_VfFMFHfKSs.x-brill-live-03 finish+++++
LOG : Thu, 24 Nov 2016 20:28:25 parsing---- http://booksandjournals.brillonline.com/content/journals/24683949;jsessionid=dLy8Wc769Ee90_VfFMFHfKSs.x-brill-live-03
LOG : Thu, 24 Nov 2016 20:28:29 http://booksandjournals.brillonline.com/content/journals/24683949;jsessionid=dLy8Wc769Ee90_VfFMFHfKSs.x-brill-live-03 finish+++++
LOG : Thu, 24 Nov 2016 20:28:29 parsing---- http://booksandjournals.brillonline.com/content/journals/24689300;jsessionid=0NMM_iKf0GXpTZuBZi0s_Llt.x-brill-live-02
LOG : Thu, 24 Nov 2016 20:28:31 http://booksandjournals.brillonline.com/content/journals/24689300;jsessionid=0NMM_iKf0GXpTZuBZi0s_Llt.x-brill-live-02 finish+++++
LOG : Thu, 24 Nov 2016 20:28:31 parsing---- http://booksandjournals.brillonline.com/content/journals/18796583;jsessionid=0NMM_iKf0GXpTZuBZi0s_Llt.x-brill-live-02
LOG : Thu, 24 Nov 2016 20:28:37 http://booksandjournals.brillonline.com/content/journals/18796583;jsessionid=0NMM_iKf0GXpTZuBZi0s_Llt.x-brill-live-02 finish+++++
LOG : Thu, 24 Nov 2016 20:28:37 parsing---- http://booksandjournals.brillonline.com/content/journals/15685179;jsessionid=0NMM_iKf0GXpTZuBZi0s_Llt.x-brill-live-02
LOG : Thu, 24 Nov 2016 20:28:41 http://booksandjournals.brillonline.com/content/journals/15685179;jsessionid=0NMM_iKf0GXpTZuBZi0s_Llt.x-brill-live-02 finish+++++
LOG : Thu, 24 Nov 2016 20:28:41 parsing---- http://booksandjournals.brillonline.com/content/journals/15685551;jsessionid=0NMM_iKf0GXpTZuBZi0s_Llt.x-brill-live-02
LOG : Thu, 24 Nov 2016 20:28:44 http://booksandjournals.brillonline.com/content/journals/15685551;jsessionid=0NMM_iKf0GXpTZuBZi0s_Llt.x-brill-live-02 finish+++++
LOG : Thu, 24 Nov 2016 20:28:44 parsing---- http://booksandjournals.brillonline.com/content/journals/15700607;jsessionid=0NMM_iKf0GXpTZuBZi0s_Llt.x-brill-live-02
LOG : Thu, 24 Nov 2016 20:28:48 http://booksandjournals.brillonline.com/content/journals/15700607;jsessionid=0NMM_iKf0GXpTZuBZi0s_Llt.x-brill-live-02 finish+++++
LOG : Thu, 24 Nov 2016 20:28:48 parsing---- http://booksandjournals.brillonline.com/content/journals/23752122;jsessionid=0NMM_iKf0GXpTZuBZi0s_Llt.x-brill-live-02
LOG : Thu, 24 Nov 2016 20:28:53 http://booksandjournals.brillonline.com/content/journals/23752122;jsessionid=0NMM_iKf0GXpTZuBZi0s_Llt.x-brill-live-02 finish+++++
LOG : Thu, 24 Nov 2016 20:28:53 parsing---- http://booksandjournals.brillonline.com/content/journals/15733823;jsessionid=WJUFMFBohCVi2jI8yJtprU3D.x-brill-live-03
LOG : Thu, 24 Nov 2016 20:29:07 http://booksandjournals.brillonline.com/content/journals/15733823;jsessionid=WJUFMFBohCVi2jI8yJtprU3D.x-brill-live-03 finish+++++
LOG : Thu, 24 Nov 2016 20:29:07 parsing---- http://booksandjournals.brillonline.com/content/journals/22106286;jsessionid=WJUFMFBohCVi2jI8yJtprU3D.x-brill-live-03
LOG : Thu, 24 Nov 2016 20:29:12 http://booksandjournals.brillonline.com/content/journals/22106286;jsessionid=WJUFMFBohCVi2jI8yJtprU3D.x-brill-live-03 finish+++++
LOG : Thu, 24 Nov 2016 20:29:12 parsing---- http://booksandjournals.brillonline.com/content/journals/18763308;jsessionid=WJUFMFBohCVi2jI8yJtprU3D.x-brill-live-03
LOG : Thu, 24 Nov 2016 20:29:19 http://booksandjournals.brillonline.com/content/journals/18763308;jsessionid=WJUFMFBohCVi2jI8yJtprU3D.x-brill-live-03 finish+++++
LOG : Thu, 24 Nov 2016 20:29:19 parsing---- http://booksandjournals.brillonline.com/content/journals/22144471;jsessionid=WJUFMFBohCVi2jI8yJtprU3D.x-brill-live-03
LOG : Thu, 24 Nov 2016 20:29:21 http://booksandjournals.brillonline.com/content/journals/22144471;jsessionid=WJUFMFBohCVi2jI8yJtprU3D.x-brill-live-03 finish+++++
LOG : Thu, 24 Nov 2016 20:29:21 parsing---- http://booksandjournals.brillonline.com/content/journals/17455316;jsessionid=WJUFMFBohCVi2jI8yJtprU3D.x-brill-live-03
LOG : Thu, 24 Nov 2016 20:29:33 http://booksandjournals.brillonline.com/content/journals/17455316;jsessionid=WJUFMFBohCVi2jI8yJtprU3D.x-brill-live-03 finish+++++
LOG : Thu, 24 Nov 2016 20:29:33 parsing---- http://booksandjournals.brillonline.com/content/journals/24685968;jsessionid=WJUFMFBohCVi2jI8yJtprU3D.x-brill-live-03
LOG : Thu, 24 Nov 2016 20:29:34 http://booksandjournals.brillonline.com/content/journals/24685968;jsessionid=WJUFMFBohCVi2jI8yJtprU3D.x-brill-live-03 finish+++++
LOG : Thu, 24 Nov 2016 20:29:34 parsing---- http://booksandjournals.brillonline.com/content/journals/18749275;jsessionid=WJUFMFBohCVi2jI8yJtprU3D.x-brill-live-03
LOG : Thu, 24 Nov 2016 20:29:42 http://booksandjournals.brillonline.com/content/journals/18749275;jsessionid=WJUFMFBohCVi2jI8yJtprU3D.x-brill-live-03 finish+++++
LOG : Thu, 24 Nov 2016 20:29:42 parsing---- http://booksandjournals.brillonline.com/content/journals/24055069;jsessionid=WJUFMFBohCVi2jI8yJtprU3D.x-brill-live-03
LOG : Thu, 24 Nov 2016 20:29:48 http://booksandjournals.brillonline.com/content/journals/24055069;jsessionid=WJUFMFBohCVi2jI8yJtprU3D.x-brill-live-03 finish+++++
LOG : Thu, 24 Nov 2016 20:29:48 parsing---- http://booksandjournals.brillonline.com/content/journals/24685623;jsessionid=WJUFMFBohCVi2jI8yJtprU3D.x-brill-live-03
LOG : Thu, 24 Nov 2016 20:29:51 http://booksandjournals.brillonline.com/content/journals/24685623;jsessionid=WJUFMFBohCVi2jI8yJtprU3D.x-brill-live-03 finish+++++
LOG : Thu, 24 Nov 2016 20:29:51 parsing---- http://booksandjournals.brillonline.com/content/journals/22134514;jsessionid=WJUFMFBohCVi2jI8yJtprU3D.x-brill-live-03
LOG : Thu, 24 Nov 2016 20:30:06 http://booksandjournals.brillonline.com/content/journals/22134514;jsessionid=WJUFMFBohCVi2jI8yJtprU3D.x-brill-live-03 finish+++++
LOG : Thu, 24 Nov 2016 20:30:06 parsing---- http://booksandjournals.brillonline.com/content/journals/15718174;jsessionid=WJUFMFBohCVi2jI8yJtprU3D.x-brill-live-03
LOG : Thu, 24 Nov 2016 20:30:10 http://booksandjournals.brillonline.com/content/journals/15718174;jsessionid=WJUFMFBohCVi2jI8yJtprU3D.x-brill-live-03 finish+++++
LOG : Thu, 24 Nov 2016 20:30:10 parsing---- http://booksandjournals.brillonline.com/content/journals/15700615;jsessionid=WJUFMFBohCVi2jI8yJtprU3D.x-brill-live-03
LOG : Thu, 24 Nov 2016 20:30:15 http://booksandjournals.brillonline.com/content/journals/15700615;jsessionid=WJUFMFBohCVi2jI8yJtprU3D.x-brill-live-03 finish+++++
LOG : Thu, 24 Nov 2016 20:30:15 parsing---- http://booksandjournals.brillonline.com/content/journals/15718093;jsessionid=WJUFMFBohCVi2jI8yJtprU3D.x-brill-live-03
LOG : Thu, 24 Nov 2016 20:30:33 http://booksandjournals.brillonline.com/content/journals/15718093;jsessionid=WJUFMFBohCVi2jI8yJtprU3D.x-brill-live-03 finish+++++
LOG : Thu, 24 Nov 2016 20:30:33 parsing---- http://booksandjournals.brillonline.com/content/journals/1872471x;jsessionid=WJUFMFBohCVi2jI8yJtprU3D.x-brill-live-03
LOG : Thu, 24 Nov 2016 20:30:37 http://booksandjournals.brillonline.com/content/journals/1872471x;jsessionid=WJUFMFBohCVi2jI8yJtprU3D.x-brill-live-03 finish+++++
LOG : Thu, 24 Nov 2016 20:30:37 parsing---- http://booksandjournals.brillonline.com/content/journals/15718166;jsessionid=WJUFMFBohCVi2jI8yJtprU3D.x-brill-live-03
LOG : Thu, 24 Nov 2016 20:30:39 http://booksandjournals.brillonline.com/content/journals/15718166;jsessionid=WJUFMFBohCVi2jI8yJtprU3D.x-brill-live-03 finish+++++
LOG : Thu, 24 Nov 2016 20:30:39 parsing---- http://booksandjournals.brillonline.com/content/journals/22116117;jsessionid=WJUFMFBohCVi2jI8yJtprU3D.x-brill-live-03
LOG : Thu, 24 Nov 2016 20:30:48 http://booksandjournals.brillonline.com/content/journals/22116117;jsessionid=WJUFMFBohCVi2jI8yJtprU3D.x-brill-live-03 finish+++++
LOG : Thu, 24 Nov 2016 20:30:48 parsing---- http://booksandjournals.brillonline.com/content/journals/1572543x;jsessionid=WJUFMFBohCVi2jI8yJtprU3D.x-brill-live-03
LOG : Thu, 24 Nov 2016 20:30:53 http://booksandjournals.brillonline.com/content/journals/1572543x;jsessionid=WJUFMFBohCVi2jI8yJtprU3D.x-brill-live-03 finish+++++
LOG : Thu, 24 Nov 2016 20:30:53 parsing---- http://booksandjournals.brillonline.com/content/journals/2211730x;jsessionid=WJUFMFBohCVi2jI8yJtprU3D.x-brill-live-03
LOG : Thu, 24 Nov 2016 20:30:58 http://booksandjournals.brillonline.com/content/journals/2211730x;jsessionid=WJUFMFBohCVi2jI8yJtprU3D.x-brill-live-03 finish+++++
LOG : Thu, 24 Nov 2016 20:30:58 parsing---- http://booksandjournals.brillonline.com/content/journals/23526963;jsessionid=WJUFMFBohCVi2jI8yJtprU3D.x-brill-live-03
LOG : Thu, 24 Nov 2016 20:31:02 http://booksandjournals.brillonline.com/content/journals/23526963;jsessionid=WJUFMFBohCVi2jI8yJtprU3D.x-brill-live-03 finish+++++
LOG : Thu, 24 Nov 2016 20:31:02 parsing---- http://booksandjournals.brillonline.com/content/journals/22116257;jsessionid=nbaTpIgRVqnIVJjrTAjomMrY.x-brill-live-03
LOG : Thu, 24 Nov 2016 20:31:06 http://booksandjournals.brillonline.com/content/journals/22116257;jsessionid=nbaTpIgRVqnIVJjrTAjomMrY.x-brill-live-03 finish+++++
LOG : Thu, 24 Nov 2016 20:31:06 parsing---- http://booksandjournals.brillonline.com/content/journals/16737431;jsessionid=nbaTpIgRVqnIVJjrTAjomMrY.x-brill-live-03
LOG : Thu, 24 Nov 2016 20:31:09 http://booksandjournals.brillonline.com/content/journals/16737431;jsessionid=nbaTpIgRVqnIVJjrTAjomMrY.x-brill-live-03 finish+++++
LOG : Thu, 24 Nov 2016 20:31:09 parsing---- http://booksandjournals.brillonline.com/content/journals/16733568;jsessionid=nbaTpIgRVqnIVJjrTAjomMrY.x-brill-live-03
LOG : Thu, 24 Nov 2016 20:31:14 http://booksandjournals.brillonline.com/content/journals/16733568;jsessionid=nbaTpIgRVqnIVJjrTAjomMrY.x-brill-live-03 finish+++++
LOG : Thu, 24 Nov 2016 20:31:14 parsing---- http://booksandjournals.brillonline.com/content/journals/16733533;jsessionid=nbaTpIgRVqnIVJjrTAjomMrY.x-brill-live-03
LOG : Thu, 24 Nov 2016 20:31:20 http://booksandjournals.brillonline.com/content/journals/16733533;jsessionid=nbaTpIgRVqnIVJjrTAjomMrY.x-brill-live-03 finish+++++
LOG : Thu, 24 Nov 2016 20:31:20 parsing---- http://booksandjournals.brillonline.com/content/journals/16733525;jsessionid=nbaTpIgRVqnIVJjrTAjomMrY.x-brill-live-03
LOG : Thu, 24 Nov 2016 20:31:25 http://booksandjournals.brillonline.com/content/journals/16733525;jsessionid=nbaTpIgRVqnIVJjrTAjomMrY.x-brill-live-03 finish+++++
LOG : Thu, 24 Nov 2016 20:31:25 parsing---- http://booksandjournals.brillonline.com/content/journals/16733541;jsessionid=nbaTpIgRVqnIVJjrTAjomMrY.x-brill-live-03
LOG : Thu, 24 Nov 2016 20:31:30 http://booksandjournals.brillonline.com/content/journals/16733541;jsessionid=nbaTpIgRVqnIVJjrTAjomMrY.x-brill-live-03 finish+++++
LOG : Thu, 24 Nov 2016 20:31:30 parsing---- http://booksandjournals.brillonline.com/content/journals/16737423;jsessionid=nbaTpIgRVqnIVJjrTAjomMrY.x-brill-live-03
LOG : Thu, 24 Nov 2016 20:31:36 http://booksandjournals.brillonline.com/content/journals/16737423;jsessionid=nbaTpIgRVqnIVJjrTAjomMrY.x-brill-live-03 finish+++++
LOG : Thu, 24 Nov 2016 20:31:36 parsing---- http://booksandjournals.brillonline.com/content/journals/15685578;jsessionid=nbaTpIgRVqnIVJjrTAjomMrY.x-brill-live-03
LOG : Thu, 24 Nov 2016 20:31:41 http://booksandjournals.brillonline.com/content/journals/15685578;jsessionid=nbaTpIgRVqnIVJjrTAjomMrY.x-brill-live-03 finish+++++
LOG : Thu, 24 Nov 2016 20:31:41 parsing---- http://booksandjournals.brillonline.com/content/journals/1673355x;jsessionid=nbaTpIgRVqnIVJjrTAjomMrY.x-brill-live-03
LOG : Thu, 24 Nov 2016 20:31:47 http://booksandjournals.brillonline.com/content/journals/1673355x;jsessionid=nbaTpIgRVqnIVJjrTAjomMrY.x-brill-live-03 finish+++++
LOG : Thu, 24 Nov 2016 20:31:47 parsing---- http://booksandjournals.brillonline.com/content/journals/15685586;jsessionid=4HQS8Gvv_mtkd7316IC03NL1.x-brill-live-03
LOG : Thu, 24 Nov 2016 20:31:53 http://booksandjournals.brillonline.com/content/journals/15685586;jsessionid=4HQS8Gvv_mtkd7316IC03NL1.x-brill-live-03 finish+++++
LOG : Thu, 24 Nov 2016 20:31:53 parsing---- http://booksandjournals.brillonline.com/content/journals/2211906x;jsessionid=4HQS8Gvv_mtkd7316IC03NL1.x-brill-live-03
LOG : Thu, 24 Nov 2016 20:31:56 http://booksandjournals.brillonline.com/content/journals/2211906x;jsessionid=4HQS8Gvv_mtkd7316IC03NL1.x-brill-live-03 finish+++++
LOG : Thu, 24 Nov 2016 20:31:56 parsing---- http://booksandjournals.brillonline.com/content/journals/1875984x;jsessionid=4HQS8Gvv_mtkd7316IC03NL1.x-brill-live-03
LOG : Thu, 24 Nov 2016 20:32:01 http://booksandjournals.brillonline.com/content/journals/1875984x;jsessionid=4HQS8Gvv_mtkd7316IC03NL1.x-brill-live-03 finish+++++
LOG : Thu, 24 Nov 2016 20:32:01 parsing---- http://booksandjournals.brillonline.com/content/journals/2451859x;jsessionid=4HQS8Gvv_mtkd7316IC03NL1.x-brill-live-03
LOG : Thu, 24 Nov 2016 20:32:10 http://booksandjournals.brillonline.com/content/journals/2451859x;jsessionid=4HQS8Gvv_mtkd7316IC03NL1.x-brill-live-03 finish+++++
LOG : Thu, 24 Nov 2016 20:32:10 parsing---- http://booksandjournals.brillonline.com/content/journals/18756735;jsessionid=4HQS8Gvv_mtkd7316IC03NL1.x-brill-live-03
LOG : Thu, 24 Nov 2016 20:32:17 http://booksandjournals.brillonline.com/content/journals/18756735;jsessionid=4HQS8Gvv_mtkd7316IC03NL1.x-brill-live-03 finish+++++
LOG : Thu, 24 Nov 2016 20:32:17 parsing---- http://booksandjournals.brillonline.com/content/journals/22129758;jsessionid=4HQS8Gvv_mtkd7316IC03NL1.x-brill-live-03
LOG : Thu, 24 Nov 2016 20:32:22 http://booksandjournals.brillonline.com/content/journals/22129758;jsessionid=4HQS8Gvv_mtkd7316IC03NL1.x-brill-live-03 finish+++++
LOG : Thu, 24 Nov 2016 20:32:22 parsing---- http://booksandjournals.brillonline.com/content/journals/18760759;jsessionid=4HQS8Gvv_mtkd7316IC03NL1.x-brill-live-03
LOG : Thu, 24 Nov 2016 20:32:27 http://booksandjournals.brillonline.com/content/journals/18760759;jsessionid=4HQS8Gvv_mtkd7316IC03NL1.x-brill-live-03 finish+++++
LOG : Thu, 24 Nov 2016 20:32:27 parsing---- http://booksandjournals.brillonline.com/content/journals/15685594;jsessionid=0PZphyqewPV5xTmTZN1UAM42.x-brill-live-02
LOG : Thu, 24 Nov 2016 20:32:33 http://booksandjournals.brillonline.com/content/journals/15685594;jsessionid=0PZphyqewPV5xTmTZN1UAM42.x-brill-live-02 finish+++++
LOG : Thu, 24 Nov 2016 20:32:33 parsing---- http://booksandjournals.brillonline.com/content/journals/1871191x;jsessionid=0PZphyqewPV5xTmTZN1UAM42.x-brill-live-02
LOG : Thu, 24 Nov 2016 20:32:43 http://booksandjournals.brillonline.com/content/journals/1871191x;jsessionid=0PZphyqewPV5xTmTZN1UAM42.x-brill-live-02 finish+++++
LOG : Thu, 24 Nov 2016 20:32:43 parsing---- http://booksandjournals.brillonline.com/content/journals/15692086;jsessionid=0PZphyqewPV5xTmTZN1UAM42.x-brill-live-02
LOG : Thu, 24 Nov 2016 20:32:47 http://booksandjournals.brillonline.com/content/journals/15692086;jsessionid=0PZphyqewPV5xTmTZN1UAM42.x-brill-live-02 finish+++++
LOG : Thu, 24 Nov 2016 20:32:47 parsing---- http://booksandjournals.brillonline.com/content/journals/1571814x;jsessionid=0PZphyqewPV5xTmTZN1UAM42.x-brill-live-02
LOG : Thu, 24 Nov 2016 20:32:52 http://booksandjournals.brillonline.com/content/journals/1571814x;jsessionid=0PZphyqewPV5xTmTZN1UAM42.x-brill-live-02 finish+++++
LOG : Thu, 24 Nov 2016 20:32:52 parsing---- http://booksandjournals.brillonline.com/content/journals/1569206x;jsessionid=0PZphyqewPV5xTmTZN1UAM42.x-brill-live-02
LOG : Thu, 24 Nov 2016 20:32:59 http://booksandjournals.brillonline.com/content/journals/1569206x;jsessionid=0PZphyqewPV5xTmTZN1UAM42.x-brill-live-02 finish+++++
LOG : Thu, 24 Nov 2016 20:32:59 parsing---- http://booksandjournals.brillonline.com/content/journals/15701867;jsessionid=0PZphyqewPV5xTmTZN1UAM42.x-brill-live-02
LOG : Thu, 24 Nov 2016 20:33:02 http://booksandjournals.brillonline.com/content/journals/15701867;jsessionid=0PZphyqewPV5xTmTZN1UAM42.x-brill-live-02 finish+++++
LOG : Thu, 24 Nov 2016 20:33:02 parsing---- http://booksandjournals.brillonline.com/content/journals/18750257;jsessionid=0PZphyqewPV5xTmTZN1UAM42.x-brill-live-02
LOG : Thu, 24 Nov 2016 20:33:04 http://booksandjournals.brillonline.com/content/journals/18750257;jsessionid=0PZphyqewPV5xTmTZN1UAM42.x-brill-live-02 finish+++++
LOG : Thu, 24 Nov 2016 20:33:04 parsing---- http://booksandjournals.brillonline.com/content/journals/18712207;jsessionid=0PZphyqewPV5xTmTZN1UAM42.x-brill-live-02
LOG : Thu, 24 Nov 2016 20:33:11 http://booksandjournals.brillonline.com/content/journals/18712207;jsessionid=0PZphyqewPV5xTmTZN1UAM42.x-brill-live-02 finish+++++
LOG : Thu, 24 Nov 2016 20:33:11 parsing---- http://booksandjournals.brillonline.com/content/journals/15718131;jsessionid=0PZphyqewPV5xTmTZN1UAM42.x-brill-live-02
LOG : Thu, 24 Nov 2016 20:33:13 http://booksandjournals.brillonline.com/content/journals/15718131;jsessionid=0PZphyqewPV5xTmTZN1UAM42.x-brill-live-02 finish+++++
LOG : Thu, 24 Nov 2016 20:33:13 parsing---- http://booksandjournals.brillonline.com/content/journals/22116087;jsessionid=0PZphyqewPV5xTmTZN1UAM42.x-brill-live-02
LOG : Thu, 24 Nov 2016 20:33:19 http://booksandjournals.brillonline.com/content/journals/22116087;jsessionid=0PZphyqewPV5xTmTZN1UAM42.x-brill-live-02 finish+++++
LOG : Thu, 24 Nov 2016 20:33:19 parsing---- http://booksandjournals.brillonline.com/content/journals/22116060;jsessionid=0PZphyqewPV5xTmTZN1UAM42.x-brill-live-02
LOG : Thu, 24 Nov 2016 20:33:26 http://booksandjournals.brillonline.com/content/journals/22116060;jsessionid=0PZphyqewPV5xTmTZN1UAM42.x-brill-live-02 finish+++++
LOG : Thu, 24 Nov 2016 20:33:26 parsing---- http://booksandjournals.brillonline.com/content/journals/22941932;jsessionid=3ecdwT8rbufODqBPV_Re56X0.x-brill-live-03
LOG : Thu, 24 Nov 2016 20:33:32 http://booksandjournals.brillonline.com/content/journals/22941932;jsessionid=3ecdwT8rbufODqBPV_Re56X0.x-brill-live-03 finish+++++
LOG : Thu, 24 Nov 2016 20:33:32 parsing---- http://booksandjournals.brillonline.com/content/journals/18718000;jsessionid=3ecdwT8rbufODqBPV_Re56X0.x-brill-live-03
LOG : Thu, 24 Nov 2016 20:33:43 http://booksandjournals.brillonline.com/content/journals/18718000;jsessionid=3ecdwT8rbufODqBPV_Re56X0.x-brill-live-03 finish+++++
LOG : Thu, 24 Nov 2016 20:33:43 parsing---- http://booksandjournals.brillonline.com/content/journals/22125892;jsessionid=3ecdwT8rbufODqBPV_Re56X0.x-brill-live-03
LOG : Thu, 24 Nov 2016 20:33:47 http://booksandjournals.brillonline.com/content/journals/22125892;jsessionid=3ecdwT8rbufODqBPV_Re56X0.x-brill-live-03 finish+++++
LOG : Thu, 24 Nov 2016 20:33:47 parsing---- http://booksandjournals.brillonline.com/content/journals/15728536;jsessionid=3ecdwT8rbufODqBPV_Re56X0.x-brill-live-03
LOG : Thu, 24 Nov 2016 20:33:52 http://booksandjournals.brillonline.com/content/journals/15728536;jsessionid=3ecdwT8rbufODqBPV_Re56X0.x-brill-live-03 finish+++++
LOG : Thu, 24 Nov 2016 20:33:52 parsing---- http://booksandjournals.brillonline.com/content/journals/15685608;jsessionid=3ecdwT8rbufODqBPV_Re56X0.x-brill-live-03
LOG : Thu, 24 Nov 2016 20:33:56 http://booksandjournals.brillonline.com/content/journals/15685608;jsessionid=3ecdwT8rbufODqBPV_Re56X0.x-brill-live-03 finish+++++
LOG : Thu, 24 Nov 2016 20:33:56 parsing---- http://booksandjournals.brillonline.com/content/journals/22105018;jsessionid=3ecdwT8rbufODqBPV_Re56X0.x-brill-live-03
LOG : Thu, 24 Nov 2016 20:34:03 http://booksandjournals.brillonline.com/content/journals/22105018;jsessionid=3ecdwT8rbufODqBPV_Re56X0.x-brill-live-03 finish+++++
LOG : Thu, 24 Nov 2016 20:34:03 parsing---- http://booksandjournals.brillonline.com/content/journals/1876312x;jsessionid=3ecdwT8rbufODqBPV_Re56X0.x-brill-live-03
LOG : Thu, 24 Nov 2016 20:34:08 http://booksandjournals.brillonline.com/content/journals/1876312x;jsessionid=3ecdwT8rbufODqBPV_Re56X0.x-brill-live-03 finish+++++
LOG : Thu, 24 Nov 2016 20:34:08 parsing---- http://booksandjournals.brillonline.com/content/journals/2212943x;jsessionid=3ecdwT8rbufODqBPV_Re56X0.x-brill-live-03
LOG : Thu, 24 Nov 2016 20:34:13 http://booksandjournals.brillonline.com/content/journals/2212943x;jsessionid=3ecdwT8rbufODqBPV_Re56X0.x-brill-live-03 finish+++++
LOG : Thu, 24 Nov 2016 20:34:13 parsing---- http://booksandjournals.brillonline.com/content/journals/22115757;jsessionid=3ecdwT8rbufODqBPV_Re56X0.x-brill-live-03
LOG : Thu, 24 Nov 2016 20:34:16 http://booksandjournals.brillonline.com/content/journals/22115757;jsessionid=3ecdwT8rbufODqBPV_Re56X0.x-brill-live-03 finish+++++
LOG : Thu, 24 Nov 2016 20:34:16 parsing---- http://booksandjournals.brillonline.com/content/journals/18719732;jsessionid=3ecdwT8rbufODqBPV_Re56X0.x-brill-live-03
LOG : Thu, 24 Nov 2016 20:34:21 http://booksandjournals.brillonline.com/content/journals/18719732;jsessionid=3ecdwT8rbufODqBPV_Re56X0.x-brill-live-03 finish+++++
LOG : Thu, 24 Nov 2016 20:34:21 parsing---- http://booksandjournals.brillonline.com/content/journals/15718123;jsessionid=3ecdwT8rbufODqBPV_Re56X0.x-brill-live-03
LOG : Thu, 24 Nov 2016 20:34:26 http://booksandjournals.brillonline.com/content/journals/15718123;jsessionid=3ecdwT8rbufODqBPV_Re56X0.x-brill-live-03 finish+++++
LOG : Thu, 24 Nov 2016 20:34:26 parsing---- http://booksandjournals.brillonline.com/content/journals/22131035;jsessionid=3ecdwT8rbufODqBPV_Re56X0.x-brill-live-03
LOG : Thu, 24 Nov 2016 20:34:31 http://booksandjournals.brillonline.com/content/journals/22131035;jsessionid=3ecdwT8rbufODqBPV_Re56X0.x-brill-live-03 finish+++++
LOG : Thu, 24 Nov 2016 20:34:31 parsing---- http://booksandjournals.brillonline.com/content/journals/22105700;jsessionid=3ecdwT8rbufODqBPV_Re56X0.x-brill-live-03
LOG : Thu, 24 Nov 2016 20:34:53 http://booksandjournals.brillonline.com/content/journals/22105700;jsessionid=3ecdwT8rbufODqBPV_Re56X0.x-brill-live-03 finish+++++
LOG : Thu, 24 Nov 2016 20:34:53 parsing---- http://booksandjournals.brillonline.com/content/journals/15718182;jsessionid=3ecdwT8rbufODqBPV_Re56X0.x-brill-live-03
LOG : Thu, 24 Nov 2016 20:35:02 http://booksandjournals.brillonline.com/content/journals/15718182;jsessionid=3ecdwT8rbufODqBPV_Re56X0.x-brill-live-03 finish+++++
LOG : Thu, 24 Nov 2016 20:35:02 parsing---- http://booksandjournals.brillonline.com/content/journals/22125868;jsessionid=3ecdwT8rbufODqBPV_Re56X0.x-brill-live-03
LOG : Thu, 24 Nov 2016 20:35:08 http://booksandjournals.brillonline.com/content/journals/22125868;jsessionid=3ecdwT8rbufODqBPV_Re56X0.x-brill-live-03 finish+++++
LOG : Thu, 24 Nov 2016 20:35:08 parsing---- http://booksandjournals.brillonline.com/content/journals/17452554;jsessionid=3ecdwT8rbufODqBPV_Re56X0.x-brill-live-03
LOG : Thu, 24 Nov 2016 20:35:11 http://booksandjournals.brillonline.com/content/journals/17452554;jsessionid=3ecdwT8rbufODqBPV_Re56X0.x-brill-live-03 finish+++++
LOG : Thu, 24 Nov 2016 20:35:11 parsing---- http://booksandjournals.brillonline.com/content/journals/15700623;jsessionid=3ecdwT8rbufODqBPV_Re56X0.x-brill-live-03
LOG : Thu, 24 Nov 2016 20:35:15 http://booksandjournals.brillonline.com/content/journals/15700623;jsessionid=3ecdwT8rbufODqBPV_Re56X0.x-brill-live-03 finish+++++
LOG : Thu, 24 Nov 2016 20:35:15 parsing---- http://booksandjournals.brillonline.com/content/journals/18752993;jsessionid=3ecdwT8rbufODqBPV_Re56X0.x-brill-live-03
LOG : Thu, 24 Nov 2016 20:35:18 http://booksandjournals.brillonline.com/content/journals/18752993;jsessionid=3ecdwT8rbufODqBPV_Re56X0.x-brill-live-03 finish+++++
LOG : Thu, 24 Nov 2016 20:35:18 parsing---- http://booksandjournals.brillonline.com/content/journals/15718085;jsessionid=3ecdwT8rbufODqBPV_Re56X0.x-brill-live-03
LOG : Thu, 24 Nov 2016 20:35:30 http://booksandjournals.brillonline.com/content/journals/15718085;jsessionid=3ecdwT8rbufODqBPV_Re56X0.x-brill-live-03 finish+++++
LOG : Thu, 24 Nov 2016 20:35:30 parsing---- http://booksandjournals.brillonline.com/content/journals/24683302;jsessionid=3ecdwT8rbufODqBPV_Re56X0.x-brill-live-03
LOG : Thu, 24 Nov 2016 20:35:35 http://booksandjournals.brillonline.com/content/journals/24683302;jsessionid=3ecdwT8rbufODqBPV_Re56X0.x-brill-live-03 finish+++++
LOG : Thu, 24 Nov 2016 20:35:35 parsing---- http://booksandjournals.brillonline.com/content/journals/18752543;jsessionid=3ecdwT8rbufODqBPV_Re56X0.x-brill-live-03
LOG : Thu, 24 Nov 2016 20:35:39 http://booksandjournals.brillonline.com/content/journals/18752543;jsessionid=3ecdwT8rbufODqBPV_Re56X0.x-brill-live-03 finish+++++
LOG : Thu, 24 Nov 2016 20:35:39 parsing---- http://booksandjournals.brillonline.com/content/journals/15697320;jsessionid=3ecdwT8rbufODqBPV_Re56X0.x-brill-live-03
LOG : Thu, 24 Nov 2016 20:35:50 http://booksandjournals.brillonline.com/content/journals/15697320;jsessionid=3ecdwT8rbufODqBPV_Re56X0.x-brill-live-03 finish+++++
LOG : Thu, 24 Nov 2016 20:35:50 parsing---- http://booksandjournals.brillonline.com/content/journals/24688800;jsessionid=3ecdwT8rbufODqBPV_Re56X0.x-brill-live-03
LOG : Thu, 24 Nov 2016 20:35:51 http://booksandjournals.brillonline.com/content/journals/24688800;jsessionid=3ecdwT8rbufODqBPV_Re56X0.x-brill-live-03 finish+++++
LOG : Thu, 24 Nov 2016 20:35:51 parsing---- http://booksandjournals.brillonline.com/content/journals/18725473;jsessionid=3ecdwT8rbufODqBPV_Re56X0.x-brill-live-03
LOG : Thu, 24 Nov 2016 20:36:05 http://booksandjournals.brillonline.com/content/journals/18725473;jsessionid=3ecdwT8rbufODqBPV_Re56X0.x-brill-live-03 finish+++++
LOG : Thu, 24 Nov 2016 20:36:05 parsing---- http://booksandjournals.brillonline.com/content/journals/15718115;jsessionid=3ecdwT8rbufODqBPV_Re56X0.x-brill-live-03
LOG : Thu, 24 Nov 2016 20:36:08 http://booksandjournals.brillonline.com/content/journals/15718115;jsessionid=3ecdwT8rbufODqBPV_Re56X0.x-brill-live-03 finish+++++
LOG : Thu, 24 Nov 2016 20:36:08 parsing---- http://booksandjournals.brillonline.com/content/journals/24056901;jsessionid=3ecdwT8rbufODqBPV_Re56X0.x-brill-live-03
LOG : Thu, 24 Nov 2016 20:36:17 http://booksandjournals.brillonline.com/content/journals/24056901;jsessionid=3ecdwT8rbufODqBPV_Re56X0.x-brill-live-03 finish+++++
LOG : Thu, 24 Nov 2016 20:36:17 parsing---- http://booksandjournals.brillonline.com/content/journals/22116028;jsessionid=3ecdwT8rbufODqBPV_Re56X0.x-brill-live-03
LOG : Thu, 24 Nov 2016 20:36:26 http://booksandjournals.brillonline.com/content/journals/22116028;jsessionid=3ecdwT8rbufODqBPV_Re56X0.x-brill-live-03 finish+++++
LOG : Thu, 24 Nov 2016 20:36:26 parsing---- http://booksandjournals.brillonline.com/content/journals/15718042;jsessionid=3ecdwT8rbufODqBPV_Re56X0.x-brill-live-03
LOG : Thu, 24 Nov 2016 20:36:31 http://booksandjournals.brillonline.com/content/journals/15718042;jsessionid=3ecdwT8rbufODqBPV_Re56X0.x-brill-live-03 finish+++++
LOG : Thu, 24 Nov 2016 20:36:31 parsing---- http://booksandjournals.brillonline.com/content/journals/15718069;jsessionid=3ecdwT8rbufODqBPV_Re56X0.x-brill-live-03
LOG : Thu, 24 Nov 2016 20:36:36 http://booksandjournals.brillonline.com/content/journals/15718069;jsessionid=3ecdwT8rbufODqBPV_Re56X0.x-brill-live-03 finish+++++
LOG : Thu, 24 Nov 2016 20:36:36 parsing---- http://booksandjournals.brillonline.com/content/journals/15723747;jsessionid=3ecdwT8rbufODqBPV_Re56X0.x-brill-live-03
LOG : Thu, 24 Nov 2016 20:36:41 http://booksandjournals.brillonline.com/content/journals/15723747;jsessionid=3ecdwT8rbufODqBPV_Re56X0.x-brill-live-03 finish+++++
LOG : Thu, 24 Nov 2016 20:36:41 parsing---- http://booksandjournals.brillonline.com/content/journals/18773109;jsessionid=3ecdwT8rbufODqBPV_Re56X0.x-brill-live-03
LOG : Thu, 24 Nov 2016 20:36:48 http://booksandjournals.brillonline.com/content/journals/18773109;jsessionid=3ecdwT8rbufODqBPV_Re56X0.x-brill-live-03 finish+++++
LOG : Thu, 24 Nov 2016 20:36:48 parsing---- http://booksandjournals.brillonline.com/content/journals/1573384x;jsessionid=3ecdwT8rbufODqBPV_Re56X0.x-brill-live-03
LOG : Thu, 24 Nov 2016 20:36:56 http://booksandjournals.brillonline.com/content/journals/1573384x;jsessionid=3ecdwT8rbufODqBPV_Re56X0.x-brill-live-03 finish+++++
LOG : Thu, 24 Nov 2016 20:36:56 parsing---- http://booksandjournals.brillonline.com/content/journals/21540993;jsessionid=3ecdwT8rbufODqBPV_Re56X0.x-brill-live-03
LOG : Thu, 24 Nov 2016 20:37:03 http://booksandjournals.brillonline.com/content/journals/21540993;jsessionid=3ecdwT8rbufODqBPV_Re56X0.x-brill-live-03 finish+++++
LOG : Thu, 24 Nov 2016 20:37:03 parsing---- http://booksandjournals.brillonline.com/content/journals/15685195;jsessionid=3ecdwT8rbufODqBPV_Re56X0.x-brill-live-03
LOG : Thu, 24 Nov 2016 20:37:10 http://booksandjournals.brillonline.com/content/journals/15685195;jsessionid=3ecdwT8rbufODqBPV_Re56X0.x-brill-live-03 finish+++++
LOG : Thu, 24 Nov 2016 20:37:10 parsing---- http://booksandjournals.brillonline.com/content/journals/22116133;jsessionid=3ecdwT8rbufODqBPV_Re56X0.x-brill-live-03
LOG : Thu, 24 Nov 2016 20:37:25 http://booksandjournals.brillonline.com/content/journals/22116133;jsessionid=3ecdwT8rbufODqBPV_Re56X0.x-brill-live-03 finish+++++
LOG : Thu, 24 Nov 2016 20:37:25 parsing---- http://booksandjournals.brillonline.com/content/journals/18760104;jsessionid=H0kkfZUIS4qna0HXGExbqPSM.x-brill-live-02
LOG : Thu, 24 Nov 2016 20:37:28 http://booksandjournals.brillonline.com/content/journals/18760104;jsessionid=H0kkfZUIS4qna0HXGExbqPSM.x-brill-live-02 finish+++++
LOG : Thu, 24 Nov 2016 20:37:28 parsing---- http://booksandjournals.brillonline.com/content/journals/15700631;jsessionid=H0kkfZUIS4qna0HXGExbqPSM.x-brill-live-02
LOG : Thu, 24 Nov 2016 20:37:31 http://booksandjournals.brillonline.com/content/journals/15700631;jsessionid=H0kkfZUIS4qna0HXGExbqPSM.x-brill-live-02 finish+++++
LOG : Thu, 24 Nov 2016 20:37:31 parsing---- http://booksandjournals.brillonline.com/content/journals/17455197;jsessionid=H0kkfZUIS4qna0HXGExbqPSM.x-brill-live-02
LOG : Thu, 24 Nov 2016 20:37:35 http://booksandjournals.brillonline.com/content/journals/17455197;jsessionid=H0kkfZUIS4qna0HXGExbqPSM.x-brill-live-02 finish+++++
LOG : Thu, 24 Nov 2016 20:37:35 parsing---- http://booksandjournals.brillonline.com/content/journals/22142371;jsessionid=H0kkfZUIS4qna0HXGExbqPSM.x-brill-live-02
LOG : Thu, 24 Nov 2016 20:37:38 http://booksandjournals.brillonline.com/content/journals/22142371;jsessionid=H0kkfZUIS4qna0HXGExbqPSM.x-brill-live-02 finish+++++
LOG : Thu, 24 Nov 2016 20:37:38 parsing---- http://booksandjournals.brillonline.com/content/journals/15685616;jsessionid=H0kkfZUIS4qna0HXGExbqPSM.x-brill-live-02
LOG : Thu, 24 Nov 2016 20:37:40 http://booksandjournals.brillonline.com/content/journals/15685616;jsessionid=H0kkfZUIS4qna0HXGExbqPSM.x-brill-live-02 finish+++++
LOG : Thu, 24 Nov 2016 20:37:40 parsing---- http://booksandjournals.brillonline.com/content/journals/21915784;jsessionid=H0kkfZUIS4qna0HXGExbqPSM.x-brill-live-02
LOG : Thu, 24 Nov 2016 20:37:43 http://booksandjournals.brillonline.com/content/journals/21915784;jsessionid=H0kkfZUIS4qna0HXGExbqPSM.x-brill-live-02 finish+++++
LOG : Thu, 24 Nov 2016 20:37:43 parsing---- http://booksandjournals.brillonline.com/content/journals/24680966;jsessionid=H0kkfZUIS4qna0HXGExbqPSM.x-brill-live-02
LOG : Thu, 24 Nov 2016 20:37:45 http://booksandjournals.brillonline.com/content/journals/24680966;jsessionid=H0kkfZUIS4qna0HXGExbqPSM.x-brill-live-02 finish+++++
LOG : Thu, 24 Nov 2016 20:37:45 parsing---- http://booksandjournals.brillonline.com/content/journals/18765610;jsessionid=H0kkfZUIS4qna0HXGExbqPSM.x-brill-live-02
LOG : Thu, 24 Nov 2016 20:37:50 http://booksandjournals.brillonline.com/content/journals/18765610;jsessionid=H0kkfZUIS4qna0HXGExbqPSM.x-brill-live-02 finish+++++
LOG : Thu, 24 Nov 2016 20:37:50 parsing---- http://booksandjournals.brillonline.com/content/journals/15692124;jsessionid=H0kkfZUIS4qna0HXGExbqPSM.x-brill-live-02
LOG : Thu, 24 Nov 2016 20:37:53 http://booksandjournals.brillonline.com/content/journals/15692124;jsessionid=H0kkfZUIS4qna0HXGExbqPSM.x-brill-live-02 finish+++++
LOG : Thu, 24 Nov 2016 20:37:53 parsing---- http://booksandjournals.brillonline.com/content/journals/1570064x;jsessionid=H0kkfZUIS4qna0HXGExbqPSM.x-brill-live-02
LOG : Thu, 24 Nov 2016 20:38:02 http://booksandjournals.brillonline.com/content/journals/1570064x;jsessionid=H0kkfZUIS4qna0HXGExbqPSM.x-brill-live-02 finish+++++
LOG : Thu, 24 Nov 2016 20:38:02 parsing---- http://booksandjournals.brillonline.com/content/journals/15685217;jsessionid=H0kkfZUIS4qna0HXGExbqPSM.x-brill-live-02
LOG : Thu, 24 Nov 2016 20:38:05 http://booksandjournals.brillonline.com/content/journals/15685217;jsessionid=H0kkfZUIS4qna0HXGExbqPSM.x-brill-live-02 finish+++++
LOG : Thu, 24 Nov 2016 20:38:05 parsing---- http://booksandjournals.brillonline.com/content/journals/15691594;jsessionid=H0kkfZUIS4qna0HXGExbqPSM.x-brill-live-02
LOG : Thu, 24 Nov 2016 20:38:10 http://booksandjournals.brillonline.com/content/journals/15691594;jsessionid=H0kkfZUIS4qna0HXGExbqPSM.x-brill-live-02 finish+++++
LOG : Thu, 24 Nov 2016 20:38:10 parsing---- http://booksandjournals.brillonline.com/content/journals/15685624;jsessionid=H0kkfZUIS4qna0HXGExbqPSM.x-brill-live-02
LOG : Thu, 24 Nov 2016 20:38:13 http://booksandjournals.brillonline.com/content/journals/15685624;jsessionid=H0kkfZUIS4qna0HXGExbqPSM.x-brill-live-02 finish+++++
LOG : Thu, 24 Nov 2016 20:38:13 parsing---- http://booksandjournals.brillonline.com/content/journals/23521341;jsessionid=H0kkfZUIS4qna0HXGExbqPSM.x-brill-live-02
LOG : Thu, 24 Nov 2016 20:38:17 http://booksandjournals.brillonline.com/content/journals/23521341;jsessionid=H0kkfZUIS4qna0HXGExbqPSM.x-brill-live-02 finish+++++
LOG : Thu, 24 Nov 2016 20:38:17 parsing---- http://booksandjournals.brillonline.com/content/journals/22127453;jsessionid=H0kkfZUIS4qna0HXGExbqPSM.x-brill-live-02
LOG : Thu, 24 Nov 2016 20:38:20 http://booksandjournals.brillonline.com/content/journals/22127453;jsessionid=H0kkfZUIS4qna0HXGExbqPSM.x-brill-live-02 finish+++++
LOG : Thu, 24 Nov 2016 20:38:20 parsing---- http://booksandjournals.brillonline.com/content/journals/17932548;jsessionid=H0kkfZUIS4qna0HXGExbqPSM.x-brill-live-02
LOG : Thu, 24 Nov 2016 20:38:26 http://booksandjournals.brillonline.com/content/journals/17932548;jsessionid=H0kkfZUIS4qna0HXGExbqPSM.x-brill-live-02 finish+++++
LOG : Thu, 24 Nov 2016 20:38:26 parsing---- http://booksandjournals.brillonline.com/content/journals/15685373;jsessionid=H0kkfZUIS4qna0HXGExbqPSM.x-brill-live-02
LOG : Thu, 24 Nov 2016 20:38:29 http://booksandjournals.brillonline.com/content/journals/15685373;jsessionid=H0kkfZUIS4qna0HXGExbqPSM.x-brill-live-02 finish+++++
LOG : Thu, 24 Nov 2016 20:38:29 parsing---- http://booksandjournals.brillonline.com/content/journals/2352930x;jsessionid=H0kkfZUIS4qna0HXGExbqPSM.x-brill-live-02
LOG : Thu, 24 Nov 2016 20:38:32 http://booksandjournals.brillonline.com/content/journals/2352930x;jsessionid=H0kkfZUIS4qna0HXGExbqPSM.x-brill-live-02 finish+++++
LOG : Thu, 24 Nov 2016 20:38:32 parsing---- http://booksandjournals.brillonline.com/content/journals/15740781;jsessionid=H0kkfZUIS4qna0HXGExbqPSM.x-brill-live-02
LOG : Thu, 24 Nov 2016 20:38:34 http://booksandjournals.brillonline.com/content/journals/15740781;jsessionid=H0kkfZUIS4qna0HXGExbqPSM.x-brill-live-02 finish+++++
LOG : Thu, 24 Nov 2016 20:38:34 parsing---- http://booksandjournals.brillonline.com/content/journals/15725138;jsessionid=H0kkfZUIS4qna0HXGExbqPSM.x-brill-live-02
LOG : Thu, 24 Nov 2016 20:38:38 http://booksandjournals.brillonline.com/content/journals/15725138;jsessionid=H0kkfZUIS4qna0HXGExbqPSM.x-brill-live-02 finish+++++
LOG : Thu, 24 Nov 2016 20:38:38 parsing---- http://booksandjournals.brillonline.com/content/journals/1937240x;jsessionid=H0kkfZUIS4qna0HXGExbqPSM.x-brill-live-02
LOG : Thu, 24 Nov 2016 20:38:46 http://booksandjournals.brillonline.com/content/journals/1937240x;jsessionid=H0kkfZUIS4qna0HXGExbqPSM.x-brill-live-02 finish+++++
LOG : Thu, 24 Nov 2016 20:38:46 parsing---- http://booksandjournals.brillonline.com/content/journals/17452546;jsessionid=H0kkfZUIS4qna0HXGExbqPSM.x-brill-live-02
LOG : Thu, 24 Nov 2016 20:38:51 http://booksandjournals.brillonline.com/content/journals/17452546;jsessionid=H0kkfZUIS4qna0HXGExbqPSM.x-brill-live-02 finish+++++
LOG : Thu, 24 Nov 2016 20:38:51 parsing---- http://booksandjournals.brillonline.com/content/journals/18770703;jsessionid=H0kkfZUIS4qna0HXGExbqPSM.x-brill-live-02
LOG : Thu, 24 Nov 2016 20:38:56 http://booksandjournals.brillonline.com/content/journals/18770703;jsessionid=H0kkfZUIS4qna0HXGExbqPSM.x-brill-live-02 finish+++++
LOG : Thu, 24 Nov 2016 20:38:56 parsing---- http://booksandjournals.brillonline.com/content/journals/15700658;jsessionid=H0kkfZUIS4qna0HXGExbqPSM.x-brill-live-02
LOG : Thu, 24 Nov 2016 20:39:00 http://booksandjournals.brillonline.com/content/journals/15700658;jsessionid=H0kkfZUIS4qna0HXGExbqPSM.x-brill-live-02 finish+++++
LOG : Thu, 24 Nov 2016 20:39:00 parsing---- http://booksandjournals.brillonline.com/content/journals/15685233;jsessionid=H0kkfZUIS4qna0HXGExbqPSM.x-brill-live-02
LOG : Thu, 24 Nov 2016 20:39:06 http://booksandjournals.brillonline.com/content/journals/15685233;jsessionid=H0kkfZUIS4qna0HXGExbqPSM.x-brill-live-02 finish+++++
LOG : Thu, 24 Nov 2016 20:39:06 parsing---- http://booksandjournals.brillonline.com/content/journals/18741665;jsessionid=H0kkfZUIS4qna0HXGExbqPSM.x-brill-live-02
LOG : Thu, 24 Nov 2016 20:39:09 http://booksandjournals.brillonline.com/content/journals/18741665;jsessionid=H0kkfZUIS4qna0HXGExbqPSM.x-brill-live-02 finish+++++
LOG : Thu, 24 Nov 2016 20:39:09 parsing---- http://booksandjournals.brillonline.com/content/journals/15693937;jsessionid=H0kkfZUIS4qna0HXGExbqPSM.x-brill-live-02
LOG : Thu, 24 Nov 2016 20:39:10 http://booksandjournals.brillonline.com/content/journals/15693937;jsessionid=H0kkfZUIS4qna0HXGExbqPSM.x-brill-live-02 finish+++++
LOG : Thu, 24 Nov 2016 20:39:10 parsing---- http://booksandjournals.brillonline.com/content/journals/15709256;jsessionid=H0kkfZUIS4qna0HXGExbqPSM.x-brill-live-02
LOG : Thu, 24 Nov 2016 20:39:14 http://booksandjournals.brillonline.com/content/journals/15709256;jsessionid=H0kkfZUIS4qna0HXGExbqPSM.x-brill-live-02 finish+++++
LOG : Thu, 24 Nov 2016 20:39:14 parsing---- http://booksandjournals.brillonline.com/content/journals/2405836x;jsessionid=H0kkfZUIS4qna0HXGExbqPSM.x-brill-live-02
LOG : Thu, 24 Nov 2016 20:39:21 http://booksandjournals.brillonline.com/content/journals/2405836x;jsessionid=H0kkfZUIS4qna0HXGExbqPSM.x-brill-live-02 finish+++++
LOG : Thu, 24 Nov 2016 20:39:21 parsing---- http://booksandjournals.brillonline.com/content/journals/15699846;jsessionid=H0kkfZUIS4qna0HXGExbqPSM.x-brill-live-02
LOG : Thu, 24 Nov 2016 20:39:24 http://booksandjournals.brillonline.com/content/journals/15699846;jsessionid=H0kkfZUIS4qna0HXGExbqPSM.x-brill-live-02 finish+++++
LOG : Thu, 24 Nov 2016 20:39:24 parsing---- http://booksandjournals.brillonline.com/content/journals/18781527;jsessionid=H0kkfZUIS4qna0HXGExbqPSM.x-brill-live-02
LOG : Thu, 24 Nov 2016 20:39:28 http://booksandjournals.brillonline.com/content/journals/18781527;jsessionid=H0kkfZUIS4qna0HXGExbqPSM.x-brill-live-02 finish+++++
LOG : Thu, 24 Nov 2016 20:39:28 parsing---- http://booksandjournals.brillonline.com/content/journals/18754112;jsessionid=H0kkfZUIS4qna0HXGExbqPSM.x-brill-live-02
LOG : Thu, 24 Nov 2016 20:39:30 http://booksandjournals.brillonline.com/content/journals/18754112;jsessionid=H0kkfZUIS4qna0HXGExbqPSM.x-brill-live-02 finish+++++
LOG : Thu, 24 Nov 2016 20:39:30 parsing---- http://booksandjournals.brillonline.com/content/journals/24685542;jsessionid=H0kkfZUIS4qna0HXGExbqPSM.x-brill-live-02
LOG : Thu, 24 Nov 2016 20:39:32 http://booksandjournals.brillonline.com/content/journals/24685542;jsessionid=H0kkfZUIS4qna0HXGExbqPSM.x-brill-live-02 finish+++++
LOG : Thu, 24 Nov 2016 20:39:32 parsing---- http://booksandjournals.brillonline.com/content/journals/1878464x;jsessionid=H0kkfZUIS4qna0HXGExbqPSM.x-brill-live-02
LOG : Thu, 24 Nov 2016 20:39:35 http://booksandjournals.brillonline.com/content/journals/1878464x;jsessionid=H0kkfZUIS4qna0HXGExbqPSM.x-brill-live-02 finish+++++
LOG : Thu, 24 Nov 2016 20:39:35 parsing---- http://booksandjournals.brillonline.com/content/journals/24054992;jsessionid=H0kkfZUIS4qna0HXGExbqPSM.x-brill-live-02
LOG : Thu, 24 Nov 2016 20:39:39 http://booksandjournals.brillonline.com/content/journals/24054992;jsessionid=H0kkfZUIS4qna0HXGExbqPSM.x-brill-live-02 finish+++++
LOG : Thu, 24 Nov 2016 20:39:39 parsing---- http://booksandjournals.brillonline.com/content/journals/22141332;jsessionid=H0kkfZUIS4qna0HXGExbqPSM.x-brill-live-02
LOG : Thu, 24 Nov 2016 20:39:46 http://booksandjournals.brillonline.com/content/journals/22141332;jsessionid=H0kkfZUIS4qna0HXGExbqPSM.x-brill-live-02 finish+++++
LOG : Thu, 24 Nov 2016 20:39:46 parsing---- http://booksandjournals.brillonline.com/content/journals/22134638;jsessionid=H0kkfZUIS4qna0HXGExbqPSM.x-brill-live-02
LOG : Thu, 24 Nov 2016 20:39:50 http://booksandjournals.brillonline.com/content/journals/22134638;jsessionid=H0kkfZUIS4qna0HXGExbqPSM.x-brill-live-02 finish+++++
LOG : Thu, 24 Nov 2016 20:39:50 parsing---- http://booksandjournals.brillonline.com/content/journals/1477285x;jsessionid=H0kkfZUIS4qna0HXGExbqPSM.x-brill-live-02
LOG : Thu, 24 Nov 2016 20:39:53 http://booksandjournals.brillonline.com/content/journals/1477285x;jsessionid=H0kkfZUIS4qna0HXGExbqPSM.x-brill-live-02 finish+++++
LOG : Thu, 24 Nov 2016 20:39:53 parsing---- http://booksandjournals.brillonline.com/content/journals/19552629;jsessionid=H0kkfZUIS4qna0HXGExbqPSM.x-brill-live-02
LOG : Thu, 24 Nov 2016 20:39:57 http://booksandjournals.brillonline.com/content/journals/19552629;jsessionid=H0kkfZUIS4qna0HXGExbqPSM.x-brill-live-02 finish+++++
LOG : Thu, 24 Nov 2016 20:39:57 parsing---- http://booksandjournals.brillonline.com/content/journals/22124810;jsessionid=H0kkfZUIS4qna0HXGExbqPSM.x-brill-live-02
LOG : Thu, 24 Nov 2016 20:40:00 http://booksandjournals.brillonline.com/content/journals/22124810;jsessionid=H0kkfZUIS4qna0HXGExbqPSM.x-brill-live-02 finish+++++
LOG : Thu, 24 Nov 2016 20:40:00 parsing---- http://booksandjournals.brillonline.com/content/journals/15685632;jsessionid=H0kkfZUIS4qna0HXGExbqPSM.x-brill-live-02
LOG : Thu, 24 Nov 2016 20:40:05 http://booksandjournals.brillonline.com/content/journals/15685632;jsessionid=H0kkfZUIS4qna0HXGExbqPSM.x-brill-live-02 finish+++++
LOG : Thu, 24 Nov 2016 20:40:05 parsing---- http://booksandjournals.brillonline.com/content/journals/23519924;jsessionid=H0kkfZUIS4qna0HXGExbqPSM.x-brill-live-02
LOG : Thu, 24 Nov 2016 20:40:09 http://booksandjournals.brillonline.com/content/journals/23519924;jsessionid=H0kkfZUIS4qna0HXGExbqPSM.x-brill-live-02 finish+++++
LOG : Thu, 24 Nov 2016 20:40:09 parsing---- http://booksandjournals.brillonline.com/content/journals/22102388;jsessionid=H0kkfZUIS4qna0HXGExbqPSM.x-brill-live-02
LOG : Thu, 24 Nov 2016 20:40:14 http://booksandjournals.brillonline.com/content/journals/22102388;jsessionid=H0kkfZUIS4qna0HXGExbqPSM.x-brill-live-02 finish+++++
LOG : Thu, 24 Nov 2016 20:40:14 parsing---- http://booksandjournals.brillonline.com/content/journals/17455243;jsessionid=H0kkfZUIS4qna0HXGExbqPSM.x-brill-live-02
LOG : Thu, 24 Nov 2016 20:40:25 http://booksandjournals.brillonline.com/content/journals/17455243;jsessionid=H0kkfZUIS4qna0HXGExbqPSM.x-brill-live-02 finish+++++
LOG : Thu, 24 Nov 2016 20:40:25 parsing---- http://booksandjournals.brillonline.com/content/journals/22117954;jsessionid=H0kkfZUIS4qna0HXGExbqPSM.x-brill-live-02
LOG : Thu, 24 Nov 2016 20:40:33 http://booksandjournals.brillonline.com/content/journals/22117954;jsessionid=H0kkfZUIS4qna0HXGExbqPSM.x-brill-live-02 finish+++++
LOG : Thu, 24 Nov 2016 20:40:33 parsing---- http://booksandjournals.brillonline.com/content/journals/17455251;jsessionid=H0kkfZUIS4qna0HXGExbqPSM.x-brill-live-02
LOG : Thu, 24 Nov 2016 20:40:37 http://booksandjournals.brillonline.com/content/journals/17455251;jsessionid=H0kkfZUIS4qna0HXGExbqPSM.x-brill-live-02 finish+++++
LOG : Thu, 24 Nov 2016 20:40:37 parsing---- http://booksandjournals.brillonline.com/content/journals/18747167;jsessionid=H0kkfZUIS4qna0HXGExbqPSM.x-brill-live-02
LOG : Thu, 24 Nov 2016 20:40:40 http://booksandjournals.brillonline.com/content/journals/18747167;jsessionid=H0kkfZUIS4qna0HXGExbqPSM.x-brill-live-02 finish+++++
LOG : Thu, 24 Nov 2016 20:40:40 parsing---- http://booksandjournals.brillonline.com/content/journals/15691624;jsessionid=H0kkfZUIS4qna0HXGExbqPSM.x-brill-live-02
LOG : Thu, 24 Nov 2016 20:40:44 http://booksandjournals.brillonline.com/content/journals/15691624;jsessionid=H0kkfZUIS4qna0HXGExbqPSM.x-brill-live-02 finish+++++
LOG : Thu, 24 Nov 2016 20:40:44 parsing---- http://booksandjournals.brillonline.com/content/journals/15697312;jsessionid=H0kkfZUIS4qna0HXGExbqPSM.x-brill-live-02
LOG : Thu, 24 Nov 2016 20:40:52 http://booksandjournals.brillonline.com/content/journals/15697312;jsessionid=H0kkfZUIS4qna0HXGExbqPSM.x-brill-live-02 finish+++++
LOG : Thu, 24 Nov 2016 20:40:52 parsing---- http://booksandjournals.brillonline.com/content/journals/15700666;jsessionid=H0kkfZUIS4qna0HXGExbqPSM.x-brill-live-02
LOG : Thu, 24 Nov 2016 20:40:58 http://booksandjournals.brillonline.com/content/journals/15700666;jsessionid=H0kkfZUIS4qna0HXGExbqPSM.x-brill-live-02 finish+++++
LOG : Thu, 24 Nov 2016 20:40:58 parsing---- http://booksandjournals.brillonline.com/content/journals/18748929;jsessionid=H0kkfZUIS4qna0HXGExbqPSM.x-brill-live-02
LOG : Thu, 24 Nov 2016 20:41:04 http://booksandjournals.brillonline.com/content/journals/18748929;jsessionid=H0kkfZUIS4qna0HXGExbqPSM.x-brill-live-02 finish+++++
LOG : Thu, 24 Nov 2016 20:41:04 parsing---- http://booksandjournals.brillonline.com/content/journals/22118349;jsessionid=H0kkfZUIS4qna0HXGExbqPSM.x-brill-live-02
LOG : Thu, 24 Nov 2016 20:41:10 http://booksandjournals.brillonline.com/content/journals/22118349;jsessionid=H0kkfZUIS4qna0HXGExbqPSM.x-brill-live-02 finish+++++
LOG : Thu, 24 Nov 2016 20:41:10 parsing---- http://booksandjournals.brillonline.com/content/journals/22105999;jsessionid=H0kkfZUIS4qna0HXGExbqPSM.x-brill-live-02
LOG : Thu, 24 Nov 2016 20:41:12 http://booksandjournals.brillonline.com/content/journals/22105999;jsessionid=H0kkfZUIS4qna0HXGExbqPSM.x-brill-live-02 finish+++++
LOG : Thu, 24 Nov 2016 20:41:12 parsing---- http://booksandjournals.brillonline.com/content/journals/22105956;jsessionid=H0kkfZUIS4qna0HXGExbqPSM.x-brill-live-02
LOG : Thu, 24 Nov 2016 20:41:15 http://booksandjournals.brillonline.com/content/journals/22105956;jsessionid=H0kkfZUIS4qna0HXGExbqPSM.x-brill-live-02 finish+++++
LOG : Thu, 24 Nov 2016 20:41:15 parsing---- http://booksandjournals.brillonline.com/content/journals/15685209;jsessionid=H0kkfZUIS4qna0HXGExbqPSM.x-brill-live-02
LOG : Thu, 24 Nov 2016 20:41:19 http://booksandjournals.brillonline.com/content/journals/15685209;jsessionid=H0kkfZUIS4qna0HXGExbqPSM.x-brill-live-02 finish+++++
LOG : Thu, 24 Nov 2016 20:41:19 parsing---- http://booksandjournals.brillonline.com/content/journals/15718050;jsessionid=H0kkfZUIS4qna0HXGExbqPSM.x-brill-live-02
LOG : Thu, 24 Nov 2016 20:41:23 http://booksandjournals.brillonline.com/content/journals/15718050;jsessionid=H0kkfZUIS4qna0HXGExbqPSM.x-brill-live-02 finish+++++
LOG : Thu, 24 Nov 2016 20:41:23 parsing---- http://booksandjournals.brillonline.com/content/journals/18722636;jsessionid=H0kkfZUIS4qna0HXGExbqPSM.x-brill-live-02
LOG : Thu, 24 Nov 2016 20:41:32 http://booksandjournals.brillonline.com/content/journals/18722636;jsessionid=H0kkfZUIS4qna0HXGExbqPSM.x-brill-live-02 finish+++++
LOG : Thu, 24 Nov 2016 20:41:32 parsing---- http://booksandjournals.brillonline.com/content/journals/22119000;jsessionid=H0kkfZUIS4qna0HXGExbqPSM.x-brill-live-02
LOG : Thu, 24 Nov 2016 20:41:34 http://booksandjournals.brillonline.com/content/journals/22119000;jsessionid=H0kkfZUIS4qna0HXGExbqPSM.x-brill-live-02 finish+++++
LOG : Thu, 24 Nov 2016 20:41:34 parsing---- http://booksandjournals.brillonline.com/content/journals/24056480;jsessionid=H0kkfZUIS4qna0HXGExbqPSM.x-brill-live-02
LOG : Thu, 24 Nov 2016 20:41:39 http://booksandjournals.brillonline.com/content/journals/24056480;jsessionid=H0kkfZUIS4qna0HXGExbqPSM.x-brill-live-02 finish+++++
LOG : Thu, 24 Nov 2016 20:41:39 parsing---- http://booksandjournals.brillonline.com/content/journals/24055093;jsessionid=H0kkfZUIS4qna0HXGExbqPSM.x-brill-live-02
LOG : Thu, 24 Nov 2016 20:41:43 http://booksandjournals.brillonline.com/content/journals/24055093;jsessionid=H0kkfZUIS4qna0HXGExbqPSM.x-brill-live-02 finish+++++
LOG : Thu, 24 Nov 2016 20:41:43 parsing---- http://booksandjournals.brillonline.com/content/journals/22134484;jsessionid=Z2JMhZw-swurHRfld8-NzJAX.x-brill-live-03
LOG : Thu, 24 Nov 2016 20:42:03 http://booksandjournals.brillonline.com/content/journals/22134484;jsessionid=Z2JMhZw-swurHRfld8-NzJAX.x-brill-live-03 finish+++++
LOG : Thu, 24 Nov 2016 20:42:03 parsing---- http://booksandjournals.brillonline.com/content/journals/15685241;jsessionid=Z2JMhZw-swurHRfld8-NzJAX.x-brill-live-03
LOG : Thu, 24 Nov 2016 20:42:10 http://booksandjournals.brillonline.com/content/journals/15685241;jsessionid=Z2JMhZw-swurHRfld8-NzJAX.x-brill-live-03 finish+++++
LOG : Thu, 24 Nov 2016 20:42:10 parsing---- http://booksandjournals.brillonline.com/content/journals/22105832;jsessionid=VkJGXhAqfJL_dPRxSg6Fl6UL.x-brill-live-02
LOG : Thu, 24 Nov 2016 20:42:13 http://booksandjournals.brillonline.com/content/journals/22105832;jsessionid=VkJGXhAqfJL_dPRxSg6Fl6UL.x-brill-live-02 finish+++++
LOG : Thu, 24 Nov 2016 20:42:13 parsing---- http://booksandjournals.brillonline.com/content/journals/22134522;jsessionid=VkJGXhAqfJL_dPRxSg6Fl6UL.x-brill-live-02
LOG : Thu, 24 Nov 2016 20:42:22 http://booksandjournals.brillonline.com/content/journals/22134522;jsessionid=VkJGXhAqfJL_dPRxSg6Fl6UL.x-brill-live-02 finish+++++
LOG : Thu, 24 Nov 2016 20:42:22 parsing---- http://booksandjournals.brillonline.com/content/journals/15718034;jsessionid=VkJGXhAqfJL_dPRxSg6Fl6UL.x-brill-live-02
LOG : Thu, 24 Nov 2016 20:42:29 http://booksandjournals.brillonline.com/content/journals/15718034;jsessionid=VkJGXhAqfJL_dPRxSg6Fl6UL.x-brill-live-02 finish+++++
LOG : Thu, 24 Nov 2016 20:42:29 parsing---- http://booksandjournals.brillonline.com/content/journals/22118527;jsessionid=VkJGXhAqfJL_dPRxSg6Fl6UL.x-brill-live-02
LOG : Thu, 24 Nov 2016 20:42:34 http://booksandjournals.brillonline.com/content/journals/22118527;jsessionid=VkJGXhAqfJL_dPRxSg6Fl6UL.x-brill-live-02 finish+++++
LOG : Thu, 24 Nov 2016 20:42:34 parsing---- http://booksandjournals.brillonline.com/content/journals/18784712;jsessionid=VkJGXhAqfJL_dPRxSg6Fl6UL.x-brill-live-02
LOG : Thu, 24 Nov 2016 20:42:37 http://booksandjournals.brillonline.com/content/journals/18784712;jsessionid=VkJGXhAqfJL_dPRxSg6Fl6UL.x-brill-live-02 finish+++++
LOG : Thu, 24 Nov 2016 20:42:37 parsing---- http://booksandjournals.brillonline.com/content/journals/17683084;jsessionid=VkJGXhAqfJL_dPRxSg6Fl6UL.x-brill-live-02
LOG : Thu, 24 Nov 2016 20:42:46 http://booksandjournals.brillonline.com/content/journals/17683084;jsessionid=VkJGXhAqfJL_dPRxSg6Fl6UL.x-brill-live-02 finish+++++
LOG : Thu, 24 Nov 2016 20:42:46 parsing---- http://booksandjournals.brillonline.com/content/journals/18757421;jsessionid=KBCYDdPLm-9-6stXpmc69wuI.x-brill-live-03
LOG : Thu, 24 Nov 2016 20:42:58 http://booksandjournals.brillonline.com/content/journals/18757421;jsessionid=KBCYDdPLm-9-6stXpmc69wuI.x-brill-live-03 finish+++++
LOG : Thu, 24 Nov 2016 20:42:58 parsing---- http://booksandjournals.brillonline.com/content/journals/15685640;jsessionid=KBCYDdPLm-9-6stXpmc69wuI.x-brill-live-03
LOG : Thu, 24 Nov 2016 20:43:01 http://booksandjournals.brillonline.com/content/journals/15685640;jsessionid=KBCYDdPLm-9-6stXpmc69wuI.x-brill-live-03 finish+++++
LOG : Thu, 24 Nov 2016 20:43:01 parsing---- http://booksandjournals.brillonline.com/content/journals/18757413;jsessionid=KBCYDdPLm-9-6stXpmc69wuI.x-brill-live-03
LOG : Thu, 24 Nov 2016 20:43:14 http://booksandjournals.brillonline.com/content/journals/18757413;jsessionid=KBCYDdPLm-9-6stXpmc69wuI.x-brill-live-03 finish+++++
LOG : Thu, 24 Nov 2016 20:43:14 parsing---- http://booksandjournals.brillonline.com/content/journals/15700674;jsessionid=KBCYDdPLm-9-6stXpmc69wuI.x-brill-live-03
LOG : Thu, 24 Nov 2016 20:43:18 http://booksandjournals.brillonline.com/content/journals/15700674;jsessionid=KBCYDdPLm-9-6stXpmc69wuI.x-brill-live-03 finish+++++
LOG : Thu, 24 Nov 2016 20:43:18 parsing---- http://booksandjournals.brillonline.com/content/journals/15700682;jsessionid=KBCYDdPLm-9-6stXpmc69wuI.x-brill-live-03
LOG : Thu, 24 Nov 2016 20:43:19 http://booksandjournals.brillonline.com/content/journals/15700682;jsessionid=KBCYDdPLm-9-6stXpmc69wuI.x-brill-live-03 finish+++++
LOG : Thu, 24 Nov 2016 20:43:19 parsing---- http://booksandjournals.brillonline.com/content/journals/18739865;jsessionid=KBCYDdPLm-9-6stXpmc69wuI.x-brill-live-03
LOG : Thu, 24 Nov 2016 20:43:26 http://booksandjournals.brillonline.com/content/journals/18739865;jsessionid=KBCYDdPLm-9-6stXpmc69wuI.x-brill-live-03 finish+++++
LOG : Thu, 24 Nov 2016 20:43:26 parsing---- http://booksandjournals.brillonline.com/content/journals/18763375;jsessionid=KBCYDdPLm-9-6stXpmc69wuI.x-brill-live-03
LOG : Thu, 24 Nov 2016 20:43:29 http://booksandjournals.brillonline.com/content/journals/18763375;jsessionid=KBCYDdPLm-9-6stXpmc69wuI.x-brill-live-03 finish+++++
LOG : Thu, 24 Nov 2016 20:43:29 parsing---- http://booksandjournals.brillonline.com/content/journals/24684791;jsessionid=KBCYDdPLm-9-6stXpmc69wuI.x-brill-live-03
LOG : Thu, 24 Nov 2016 20:43:31 http://booksandjournals.brillonline.com/content/journals/24684791;jsessionid=KBCYDdPLm-9-6stXpmc69wuI.x-brill-live-03 finish+++++
LOG : Thu, 24 Nov 2016 20:43:31 parsing---- http://booksandjournals.brillonline.com/content/journals/15733831;jsessionid=KBCYDdPLm-9-6stXpmc69wuI.x-brill-live-03
LOG : Thu, 24 Nov 2016 20:43:40 http://booksandjournals.brillonline.com/content/journals/15733831;jsessionid=KBCYDdPLm-9-6stXpmc69wuI.x-brill-live-03 finish+++++
LOG : Thu, 24 Nov 2016 20:43:40 parsing---- http://booksandjournals.brillonline.com/content/journals/1568525x;jsessionid=KBCYDdPLm-9-6stXpmc69wuI.x-brill-live-03
LOG : Thu, 24 Nov 2016 20:43:51 http://booksandjournals.brillonline.com/content/journals/1568525x;jsessionid=KBCYDdPLm-9-6stXpmc69wuI.x-brill-live-03 finish+++++
LOG : Thu, 24 Nov 2016 20:43:51 parsing---- http://booksandjournals.brillonline.com/content/journals/15736113;jsessionid=KBCYDdPLm-9-6stXpmc69wuI.x-brill-live-03
LOG : Thu, 24 Nov 2016 20:43:56 http://booksandjournals.brillonline.com/content/journals/15736113;jsessionid=KBCYDdPLm-9-6stXpmc69wuI.x-brill-live-03 finish+++++
LOG : Thu, 24 Nov 2016 20:43:56 parsing---- http://booksandjournals.brillonline.com/content/journals/22134808;jsessionid=KBCYDdPLm-9-6stXpmc69wuI.x-brill-live-03
LOG : Thu, 24 Nov 2016 20:44:03 http://booksandjournals.brillonline.com/content/journals/22134808;jsessionid=KBCYDdPLm-9-6stXpmc69wuI.x-brill-live-03 finish+++++
LOG : Thu, 24 Nov 2016 20:44:03 parsing---- http://booksandjournals.brillonline.com/content/journals/22118993;jsessionid=KBCYDdPLm-9-6stXpmc69wuI.x-brill-live-03
LOG : Thu, 24 Nov 2016 20:44:09 http://booksandjournals.brillonline.com/content/journals/22118993;jsessionid=KBCYDdPLm-9-6stXpmc69wuI.x-brill-live-03 finish+++++
LOG : Thu, 24 Nov 2016 20:44:09 parsing---- http://booksandjournals.brillonline.com/content/journals/24680974;jsessionid=KBCYDdPLm-9-6stXpmc69wuI.x-brill-live-03
LOG : Thu, 24 Nov 2016 20:44:16 http://booksandjournals.brillonline.com/content/journals/24680974;jsessionid=KBCYDdPLm-9-6stXpmc69wuI.x-brill-live-03 finish+++++
LOG : Thu, 24 Nov 2016 20:44:16 parsing---- http://booksandjournals.brillonline.com/content/journals/15685268;jsessionid=wmhYKyxaOkA77HqbhpfNy-WR.x-brill-live-02
LOG : Thu, 24 Nov 2016 20:44:23 http://booksandjournals.brillonline.com/content/journals/15685268;jsessionid=wmhYKyxaOkA77HqbhpfNy-WR.x-brill-live-02 finish+++++
LOG : Thu, 24 Nov 2016 20:44:23 parsing---- http://booksandjournals.brillonline.com/content/journals/18712401;jsessionid=wmhYKyxaOkA77HqbhpfNy-WR.x-brill-live-02
LOG : Thu, 24 Nov 2016 20:44:32 http://booksandjournals.brillonline.com/content/journals/18712401;jsessionid=wmhYKyxaOkA77HqbhpfNy-WR.x-brill-live-02 finish+++++
LOG : Thu, 24 Nov 2016 20:44:32 parsing---- http://booksandjournals.brillonline.com/content/journals/18752926;jsessionid=wmhYKyxaOkA77HqbhpfNy-WR.x-brill-live-02
LOG : Thu, 24 Nov 2016 20:44:38 http://booksandjournals.brillonline.com/content/journals/18752926;jsessionid=wmhYKyxaOkA77HqbhpfNy-WR.x-brill-live-02 finish+++++
LOG : Thu, 24 Nov 2016 20:44:38 parsing---- http://booksandjournals.brillonline.com/content/journals/15685411;jsessionid=wmhYKyxaOkA77HqbhpfNy-WR.x-brill-live-02
LOG : Thu, 24 Nov 2016 20:44:47 http://booksandjournals.brillonline.com/content/journals/15685411;jsessionid=wmhYKyxaOkA77HqbhpfNy-WR.x-brill-live-02 finish+++++
LOG : Thu, 24 Nov 2016 20:44:47 parsing---- http://booksandjournals.brillonline.com/content/journals/1568542x;jsessionid=wmhYKyxaOkA77HqbhpfNy-WR.x-brill-live-02
LOG : Thu, 24 Nov 2016 20:44:51 http://booksandjournals.brillonline.com/content/journals/1568542x;jsessionid=wmhYKyxaOkA77HqbhpfNy-WR.x-brill-live-02 finish+++++
LOG : Thu, 24 Nov 2016 20:44:51 parsing---- http://booksandjournals.brillonline.com/content/journals/22145966;jsessionid=wmhYKyxaOkA77HqbhpfNy-WR.x-brill-live-02
LOG : Thu, 24 Nov 2016 20:45:00 http://booksandjournals.brillonline.com/content/journals/22145966;jsessionid=wmhYKyxaOkA77HqbhpfNy-WR.x-brill-live-02 finish+++++
LOG : Thu, 24 Nov 2016 20:45:00 parsing---- http://booksandjournals.brillonline.com/content/journals/22134360;jsessionid=wmhYKyxaOkA77HqbhpfNy-WR.x-brill-live-02
LOG : Thu, 24 Nov 2016 20:45:02 http://booksandjournals.brillonline.com/content/journals/22134360;jsessionid=wmhYKyxaOkA77HqbhpfNy-WR.x-brill-live-02 finish+++++
LOG : Thu, 24 Nov 2016 20:45:02 parsing---- http://booksandjournals.brillonline.com/content/journals/15707768;jsessionid=wmhYKyxaOkA77HqbhpfNy-WR.x-brill-live-02
LOG : Thu, 24 Nov 2016 20:45:04 http://booksandjournals.brillonline.com/content/journals/15707768;jsessionid=wmhYKyxaOkA77HqbhpfNy-WR.x-brill-live-02 finish+++++
LOG : Thu, 24 Nov 2016 20:45:04 parsing---- http://booksandjournals.brillonline.com/content/journals/15718077;jsessionid=wmhYKyxaOkA77HqbhpfNy-WR.x-brill-live-02
LOG : Thu, 24 Nov 2016 20:45:08 http://booksandjournals.brillonline.com/content/journals/15718077;jsessionid=wmhYKyxaOkA77HqbhpfNy-WR.x-brill-live-02 finish+++++
LOG : Thu, 24 Nov 2016 20:45:08 parsing---- http://booksandjournals.brillonline.com/content/journals/15718107;jsessionid=wmhYKyxaOkA77HqbhpfNy-WR.x-brill-live-02
LOG : Thu, 24 Nov 2016 20:45:09 http://booksandjournals.brillonline.com/content/journals/15718107;jsessionid=wmhYKyxaOkA77HqbhpfNy-WR.x-brill-live-02 finish+++++
LOG : Thu, 24 Nov 2016 20:45:09 parsing---- http://booksandjournals.brillonline.com/content/journals/18752934;jsessionid=wmhYKyxaOkA77HqbhpfNy-WR.x-brill-live-02
LOG : Thu, 24 Nov 2016 20:45:18 http://booksandjournals.brillonline.com/content/journals/18752934;jsessionid=wmhYKyxaOkA77HqbhpfNy-WR.x-brill-live-02 finish+++++
LOG : Thu, 24 Nov 2016 20:45:18 parsing---- http://booksandjournals.brillonline.com/content/journals/15685365;jsessionid=wmhYKyxaOkA77HqbhpfNy-WR.x-brill-live-02
LOG : Thu, 24 Nov 2016 20:45:25 http://booksandjournals.brillonline.com/content/journals/15685365;jsessionid=wmhYKyxaOkA77HqbhpfNy-WR.x-brill-live-02 finish+++++
LOG : Thu, 24 Nov 2016 20:45:25 parsing---- http://booksandjournals.brillonline.com/content/journals/15685276;jsessionid=wmhYKyxaOkA77HqbhpfNy-WR.x-brill-live-02
LOG : Thu, 24 Nov 2016 20:45:31 http://booksandjournals.brillonline.com/content/journals/15685276;jsessionid=wmhYKyxaOkA77HqbhpfNy-WR.x-brill-live-02 finish+++++
LOG : Thu, 24 Nov 2016 20:45:31 parsing---- http://booksandjournals.brillonline.com/content/journals/18253911;jsessionid=wmhYKyxaOkA77HqbhpfNy-WR.x-brill-live-02
LOG : Thu, 24 Nov 2016 20:45:35 http://booksandjournals.brillonline.com/content/journals/18253911;jsessionid=wmhYKyxaOkA77HqbhpfNy-WR.x-brill-live-02 finish+++++
LOG : Thu, 24 Nov 2016 20:45:35 parsing---- http://booksandjournals.brillonline.com/content/journals/22116001;jsessionid=ilHSOwAikIJX5bW3J0qd4-5y.x-brill-live-03
LOG : Thu, 24 Nov 2016 20:45:52 http://booksandjournals.brillonline.com/content/journals/22116001;jsessionid=ilHSOwAikIJX5bW3J0qd4-5y.x-brill-live-03 finish+++++
LOG : Thu, 24 Nov 2016 20:45:52 parsing---- http://booksandjournals.brillonline.com/content/journals/18778372;jsessionid=ilHSOwAikIJX5bW3J0qd4-5y.x-brill-live-03
LOG : Thu, 24 Nov 2016 20:45:56 http://booksandjournals.brillonline.com/content/journals/18778372;jsessionid=ilHSOwAikIJX5bW3J0qd4-5y.x-brill-live-03 finish+++++
LOG : Thu, 24 Nov 2016 20:45:56 parsing---- http://booksandjournals.brillonline.com/content/journals/22138617;jsessionid=ilHSOwAikIJX5bW3J0qd4-5y.x-brill-live-03
LOG : Thu, 24 Nov 2016 20:46:01 http://booksandjournals.brillonline.com/content/journals/22138617;jsessionid=ilHSOwAikIJX5bW3J0qd4-5y.x-brill-live-03 finish+++++
LOG : Thu, 24 Nov 2016 20:46:01 parsing---- http://booksandjournals.brillonline.com/content/journals/18750176;jsessionid=ilHSOwAikIJX5bW3J0qd4-5y.x-brill-live-03
LOG : Thu, 24 Nov 2016 20:46:05 http://booksandjournals.brillonline.com/content/journals/18750176;jsessionid=ilHSOwAikIJX5bW3J0qd4-5y.x-brill-live-03 finish+++++
LOG : Thu, 24 Nov 2016 20:46:05 parsing---- http://booksandjournals.brillonline.com/content/journals/22116141;jsessionid=5R6e4QBzgHwRdlsuClJ7Ib_d.x-brill-live-02
LOG : Thu, 24 Nov 2016 20:46:12 http://booksandjournals.brillonline.com/content/journals/22116141;jsessionid=5R6e4QBzgHwRdlsuClJ7Ib_d.x-brill-live-02 finish+++++
LOG : Thu, 24 Nov 2016 20:46:12 parsing---- http://booksandjournals.brillonline.com/content/journals/15691675;jsessionid=5R6e4QBzgHwRdlsuClJ7Ib_d.x-brill-live-02
LOG : Thu, 24 Nov 2016 20:46:16 http://booksandjournals.brillonline.com/content/journals/15691675;jsessionid=5R6e4QBzgHwRdlsuClJ7Ib_d.x-brill-live-02 finish+++++
LOG : Thu, 24 Nov 2016 20:46:16 parsing---- http://booksandjournals.brillonline.com/content/journals/15691497;jsessionid=5R6e4QBzgHwRdlsuClJ7Ib_d.x-brill-live-02
LOG : Thu, 24 Nov 2016 20:46:20 http://booksandjournals.brillonline.com/content/journals/15691497;jsessionid=5R6e4QBzgHwRdlsuClJ7Ib_d.x-brill-live-02 finish+++++
LOG : Thu, 24 Nov 2016 20:46:20 parsing---- http://booksandjournals.brillonline.com/content/journals/24519197;jsessionid=5R6e4QBzgHwRdlsuClJ7Ib_d.x-brill-live-02
LOG : Thu, 24 Nov 2016 20:46:29 http://booksandjournals.brillonline.com/content/journals/24519197;jsessionid=5R6e4QBzgHwRdlsuClJ7Ib_d.x-brill-live-02 finish+++++
LOG : Thu, 24 Nov 2016 20:46:29 parsing---- http://booksandjournals.brillonline.com/content/journals/23528230;jsessionid=5R6e4QBzgHwRdlsuClJ7Ib_d.x-brill-live-02
LOG : Thu, 24 Nov 2016 20:46:33 http://booksandjournals.brillonline.com/content/journals/23528230;jsessionid=5R6e4QBzgHwRdlsuClJ7Ib_d.x-brill-live-02 finish+++++
LOG : Thu, 24 Nov 2016 20:46:33 parsing---- http://booksandjournals.brillonline.com/content/journals/15685284;jsessionid=5R6e4QBzgHwRdlsuClJ7Ib_d.x-brill-live-02
LOG : Thu, 24 Nov 2016 20:46:36 http://booksandjournals.brillonline.com/content/journals/15685284;jsessionid=5R6e4QBzgHwRdlsuClJ7Ib_d.x-brill-live-02 finish+++++
LOG : Thu, 24 Nov 2016 20:46:36 parsing---- http://booksandjournals.brillonline.com/content/journals/15700747;jsessionid=5R6e4QBzgHwRdlsuClJ7Ib_d.x-brill-live-02
LOG : Thu, 24 Nov 2016 20:46:43 http://booksandjournals.brillonline.com/content/journals/15700747;jsessionid=5R6e4QBzgHwRdlsuClJ7Ib_d.x-brill-live-02 finish+++++
LOG : Thu, 24 Nov 2016 20:46:43 parsing---- http://booksandjournals.brillonline.com/content/journals/20512996;jsessionid=5R6e4QBzgHwRdlsuClJ7Ib_d.x-brill-live-02
LOG : Thu, 24 Nov 2016 20:46:49 http://booksandjournals.brillonline.com/content/journals/20512996;jsessionid=5R6e4QBzgHwRdlsuClJ7Ib_d.x-brill-live-02 finish+++++
LOG : Thu, 24 Nov 2016 20:46:49 parsing---- http://booksandjournals.brillonline.com/content/journals/18795323;jsessionid=5R6e4QBzgHwRdlsuClJ7Ib_d.x-brill-live-02
LOG : Thu, 24 Nov 2016 20:46:52 http://booksandjournals.brillonline.com/content/journals/18795323;jsessionid=5R6e4QBzgHwRdlsuClJ7Ib_d.x-brill-live-02 finish+++++
LOG : Thu, 24 Nov 2016 20:46:52 parsing---- http://booksandjournals.brillonline.com/content/journals/22134417;jsessionid=5R6e4QBzgHwRdlsuClJ7Ib_d.x-brill-live-02
LOG : Thu, 24 Nov 2016 20:46:59 http://booksandjournals.brillonline.com/content/journals/22134417;jsessionid=5R6e4QBzgHwRdlsuClJ7Ib_d.x-brill-live-02 finish+++++
LOG : Thu, 24 Nov 2016 20:46:59 parsing---- http://booksandjournals.brillonline.com/content/journals/15685667;jsessionid=5R6e4QBzgHwRdlsuClJ7Ib_d.x-brill-live-02
LOG : Thu, 24 Nov 2016 20:47:05 http://booksandjournals.brillonline.com/content/journals/15685667;jsessionid=5R6e4QBzgHwRdlsuClJ7Ib_d.x-brill-live-02 finish+++++
LOG : Thu, 24 Nov 2016 20:47:05 parsing---- http://booksandjournals.brillonline.com/content/journals/15700690;jsessionid=OdBJG95JZVnT-uFm4cqEjb2s.x-brill-live-03
LOG : Thu, 24 Nov 2016 20:47:21 http://booksandjournals.brillonline.com/content/journals/15700690;jsessionid=OdBJG95JZVnT-uFm4cqEjb2s.x-brill-live-03 finish+++++
LOG : Thu, 24 Nov 2016 20:47:21 parsing---- http://booksandjournals.brillonline.com/content/journals/18710328;jsessionid=Ck-byMi_oMz_CZzy4egGrYnh.x-brill-live-02
LOG : Thu, 24 Nov 2016 20:47:23 http://booksandjournals.brillonline.com/content/journals/18710328;jsessionid=Ck-byMi_oMz_CZzy4egGrYnh.x-brill-live-02 finish+++++
LOG : Thu, 24 Nov 2016 20:47:23 parsing---- http://booksandjournals.brillonline.com/content/journals/15685292;jsessionid=Ck-byMi_oMz_CZzy4egGrYnh.x-brill-live-02
LOG : Thu, 24 Nov 2016 20:47:30 http://booksandjournals.brillonline.com/content/journals/15685292;jsessionid=Ck-byMi_oMz_CZzy4egGrYnh.x-brill-live-02 finish+++++
LOG : Thu, 24 Nov 2016 20:47:30 parsing---- http://booksandjournals.brillonline.com/content/journals/15743012;jsessionid=Ck-byMi_oMz_CZzy4egGrYnh.x-brill-live-02
LOG : Thu, 24 Nov 2016 20:47:36 http://booksandjournals.brillonline.com/content/journals/15743012;jsessionid=Ck-byMi_oMz_CZzy4egGrYnh.x-brill-live-02 finish+++++
LOG : Thu, 24 Nov 2016 20:47:36 parsing---- http://booksandjournals.brillonline.com/content/journals/24523666;jsessionid=Ck-byMi_oMz_CZzy4egGrYnh.x-brill-live-02
LOG : Thu, 24 Nov 2016 20:47:39 http://booksandjournals.brillonline.com/content/journals/24523666;jsessionid=Ck-byMi_oMz_CZzy4egGrYnh.x-brill-live-02 finish+++++
LOG : Thu, 24 Nov 2016 20:47:39 parsing---- http://booksandjournals.brillonline.com/content/journals/15691640;jsessionid=Ck-byMi_oMz_CZzy4egGrYnh.x-brill-live-02
LOG : Thu, 24 Nov 2016 20:47:43 http://booksandjournals.brillonline.com/content/journals/15691640;jsessionid=Ck-byMi_oMz_CZzy4egGrYnh.x-brill-live-02 finish+++++
LOG : Thu, 24 Nov 2016 20:47:43 parsing---- http://booksandjournals.brillonline.com/content/journals/15685675;jsessionid=Ck-byMi_oMz_CZzy4egGrYnh.x-brill-live-02
LOG : Thu, 24 Nov 2016 20:47:52 http://booksandjournals.brillonline.com/content/journals/15685675;jsessionid=Ck-byMi_oMz_CZzy4egGrYnh.x-brill-live-02 finish+++++
LOG : Thu, 24 Nov 2016 20:47:52 parsing---- http://booksandjournals.brillonline.com/content/journals/15730352;jsessionid=Ck-byMi_oMz_CZzy4egGrYnh.x-brill-live-02
LOG : Thu, 24 Nov 2016 20:47:57 http://booksandjournals.brillonline.com/content/journals/15730352;jsessionid=Ck-byMi_oMz_CZzy4egGrYnh.x-brill-live-02 finish+++++
LOG : Thu, 24 Nov 2016 20:47:57 parsing---- http://booksandjournals.brillonline.com/content/journals/15700704;jsessionid=Ck-byMi_oMz_CZzy4egGrYnh.x-brill-live-02
LOG : Thu, 24 Nov 2016 20:48:03 http://booksandjournals.brillonline.com/content/journals/15700704;jsessionid=Ck-byMi_oMz_CZzy4egGrYnh.x-brill-live-02 finish+++++
LOG : Thu, 24 Nov 2016 20:48:03 parsing---- http://booksandjournals.brillonline.com/content/journals/22143955;jsessionid=Ck-byMi_oMz_CZzy4egGrYnh.x-brill-live-02
LOG : Thu, 24 Nov 2016 20:48:08 http://booksandjournals.brillonline.com/content/journals/22143955;jsessionid=Ck-byMi_oMz_CZzy4egGrYnh.x-brill-live-02 finish+++++
LOG : Thu, 24 Nov 2016 20:48:08 parsing---- http://booksandjournals.brillonline.com/content/journals/18752985;jsessionid=Ck-byMi_oMz_CZzy4egGrYnh.x-brill-live-02
LOG : Thu, 24 Nov 2016 20:48:17 http://booksandjournals.brillonline.com/content/journals/18752985;jsessionid=Ck-byMi_oMz_CZzy4egGrYnh.x-brill-live-02 finish+++++
LOG : Thu, 24 Nov 2016 20:48:17 parsing---- http://booksandjournals.brillonline.com/content/journals/18752977;jsessionid=Ck-byMi_oMz_CZzy4egGrYnh.x-brill-live-02
LOG : Thu, 24 Nov 2016 20:48:20 http://booksandjournals.brillonline.com/content/journals/18752977;jsessionid=Ck-byMi_oMz_CZzy4egGrYnh.x-brill-live-02 finish+++++
LOG : Thu, 24 Nov 2016 20:48:20 parsing---- http://booksandjournals.brillonline.com/content/journals/22136746;jsessionid=Ck-byMi_oMz_CZzy4egGrYnh.x-brill-live-02
LOG : Thu, 24 Nov 2016 20:48:24 http://booksandjournals.brillonline.com/content/journals/22136746;jsessionid=Ck-byMi_oMz_CZzy4egGrYnh.x-brill-live-02 finish+++++
LOG : Thu, 24 Nov 2016 20:48:24 parsing---- http://booksandjournals.brillonline.com/content/journals/18763316;jsessionid=Ck-byMi_oMz_CZzy4egGrYnh.x-brill-live-02
LOG : Thu, 24 Nov 2016 20:48:27 http://booksandjournals.brillonline.com/content/journals/18763316;jsessionid=Ck-byMi_oMz_CZzy4egGrYnh.x-brill-live-02 finish+++++
LOG : Thu, 24 Nov 2016 20:48:27 parsing---- http://booksandjournals.brillonline.com/content/journals/24518921;jsessionid=Ck-byMi_oMz_CZzy4egGrYnh.x-brill-live-02
LOG : Thu, 24 Nov 2016 20:48:30 http://booksandjournals.brillonline.com/content/journals/24518921;jsessionid=Ck-byMi_oMz_CZzy4egGrYnh.x-brill-live-02 finish+++++
LOG : Thu, 24 Nov 2016 20:48:30 parsing---- http://booksandjournals.brillonline.com/content/journals/18757405;jsessionid=MOcj4phoIjYZt-aMg1x4qzEc.x-brill-live-03
