LOG : Thu, 24 Nov 2016 20:24:32 parsing http://www.dukeupress.edu/Catalog/ViewProduct.php?viewby=journal&productid=45600
LOG : Thu, 24 Nov 2016 20:24:40 http://www.dukeupress.edu/Catalog/ViewProduct.php?viewby=journal&productid=45600 finish!!
LOG : Thu, 24 Nov 2016 20:24:42 parsing http://www.dukeupress.edu/Catalog/ViewProduct.php?viewby=journal&productid=45633
LOG : Thu, 24 Nov 2016 20:24:51 http://www.dukeupress.edu/Catalog/ViewProduct.php?viewby=journal&productid=45633 finish!!
LOG : Thu, 24 Nov 2016 20:24:53 parsing http://www.dukeupress.edu/Catalog/ViewProduct.php?viewby=journal&productid=45601
LOG : Thu, 24 Nov 2016 20:25:00 http://www.dukeupress.edu/Catalog/ViewProduct.php?viewby=journal&productid=45601 finish!!
LOG : Thu, 24 Nov 2016 20:25:01 parsing http://www.dukeupress.edu/Catalog/ViewProduct.php?viewby=journal&productid=45602
LOG : Thu, 24 Nov 2016 20:25:08 http://www.dukeupress.edu/Catalog/ViewProduct.php?viewby=journal&productid=45602 finish!!
LOG : Thu, 24 Nov 2016 20:25:10 parsing http://www.dukeupress.edu/Catalog/ViewProduct.php?viewby=journal&productid=45605
LOG : Thu, 24 Nov 2016 20:25:16 http://www.dukeupress.edu/Catalog/ViewProduct.php?viewby=journal&productid=45605 finish!!
LOG : Thu, 24 Nov 2016 20:25:19 parsing http://www.dukeupress.edu/Catalog/ViewProduct.php?viewby=journal&productid=45603
LOG : Thu, 24 Nov 2016 20:25:26 http://www.dukeupress.edu/Catalog/ViewProduct.php?viewby=journal&productid=45603 finish!!
LOG : Thu, 24 Nov 2016 20:25:27 parsing http://www.dukeupress.edu/Catalog/ViewProduct.php?viewby=journal&productid=45634
LOG : Thu, 24 Nov 2016 20:25:32 http://www.dukeupress.edu/Catalog/ViewProduct.php?viewby=journal&productid=45634 finish!!
LOG : Thu, 24 Nov 2016 20:25:34 parsing http://www.dukeupress.edu/Catalog/ViewProduct.php?viewby=journal&productid=45606
LOG : Thu, 24 Nov 2016 20:25:41 http://www.dukeupress.edu/Catalog/ViewProduct.php?viewby=journal&productid=45606 finish!!
LOG : Thu, 24 Nov 2016 20:25:43 parsing http://www.dukeupress.edu/Catalog/ViewProduct.php?viewby=journal&productid=45645
LOG : Thu, 24 Nov 2016 20:25:49 http://www.dukeupress.edu/Catalog/ViewProduct.php?viewby=journal&productid=45645 finish!!
LOG : Thu, 24 Nov 2016 20:25:51 parsing http://www.dukeupress.edu/Catalog/ViewProduct.php?viewby=journal&productid=45607
LOG : Thu, 24 Nov 2016 20:25:56 http://www.dukeupress.edu/Catalog/ViewProduct.php?viewby=journal&productid=45607 finish!!
LOG : Thu, 24 Nov 2016 20:25:58 parsing http://www.dukeupress.edu/Catalog/ViewProduct.php?viewby=journal&productid=45643
LOG : Thu, 24 Nov 2016 20:26:03 http://www.dukeupress.edu/Catalog/ViewProduct.php?viewby=journal&productid=45643 finish!!
LOG : Thu, 24 Nov 2016 20:26:05 parsing http://www.dukeupress.edu/Catalog/ViewProduct.php?viewby=journal&productid=45609
LOG : Thu, 24 Nov 2016 20:26:11 http://www.dukeupress.edu/Catalog/ViewProduct.php?viewby=journal&productid=45609 finish!!
LOG : Thu, 24 Nov 2016 20:26:13 parsing http://www.dukeupress.edu/environmental-humanities/
LOG : Thu, 24 Nov 2016 20:26:16 http://www.dukeupress.edu/environmental-humanities/ finish!!
LOG : Thu, 24 Nov 2016 20:26:20 parsing http://www.dukeupress.edu/Catalog/ViewProduct.php?viewby=journal&productid=45610
LOG : Thu, 24 Nov 2016 20:26:25 http://www.dukeupress.edu/Catalog/ViewProduct.php?viewby=journal&productid=45610 finish!!
LOG : Thu, 24 Nov 2016 20:26:27 parsing http://www.dukeupress.edu/Catalog/ViewProduct.php?viewby=journal&productid=45611
LOG : Thu, 24 Nov 2016 20:26:34 http://www.dukeupress.edu/Catalog/ViewProduct.php?viewby=journal&productid=45611 finish!!
LOG : Thu, 24 Nov 2016 20:26:36 parsing http://www.dukeupress.edu/Catalog/ViewProduct.php?viewby=journal&productid=45641
LOG : Thu, 24 Nov 2016 20:26:42 http://www.dukeupress.edu/Catalog/ViewProduct.php?viewby=journal&productid=45641 finish!!
LOG : Thu, 24 Nov 2016 20:26:45 parsing http://www.dukeupress.edu/Catalog/ViewProduct.php?viewby=journal&productid=45612
LOG : Thu, 24 Nov 2016 20:26:50 http://www.dukeupress.edu/Catalog/ViewProduct.php?viewby=journal&productid=45612 finish!!
LOG : Thu, 24 Nov 2016 20:26:52 parsing http://www.dukeupress.edu/Catalog/ViewProduct.php?viewby=journal&productid=45613
LOG : Thu, 24 Nov 2016 20:26:58 http://www.dukeupress.edu/Catalog/ViewProduct.php?viewby=journal&productid=45613 finish!!
LOG : Thu, 24 Nov 2016 20:27:01 parsing http://www.dukeupress.edu/Catalog/ViewProduct.php?viewby=journal&productid=45614
LOG : Thu, 24 Nov 2016 20:27:07 http://www.dukeupress.edu/Catalog/ViewProduct.php?viewby=journal&productid=45614 finish!!
LOG : Thu, 24 Nov 2016 20:27:10 URLError(error(110, 'Connection timed out'),)
