LOG : Thu, 24 Nov 2016 20:24:03 parsing---- http://abbs.oxfordjournals.org
LOG : Thu, 24 Nov 2016 20:24:08 http://abbs.oxfordjournals.org finish+++++
LOG : Thu, 24 Nov 2016 20:24:08 parsing---- http://adaptation.oxfordjournals.org/
LOG : Thu, 24 Nov 2016 20:24:13 Adaptation?????http://adaptation.oxfordjournals.org/ : brief empty!!
LOG : Thu, 24 Nov 2016 20:24:13 parsing---- http://asj.oxfordjournals.org/
LOG : Thu, 24 Nov 2016 20:24:18 Aesthetic Surgery Journal?????http://asj.oxfordjournals.org/ : brief empty!!
LOG : Thu, 24 Nov 2016 20:24:18 parsing---- http://afraf.oxfordjournals.org/
LOG : Thu, 24 Nov 2016 20:24:22 http://afraf.oxfordjournals.org/ finish+++++
LOG : Thu, 24 Nov 2016 20:24:22 parsing---- http://ageing.oxfordjournals.org/
LOG : Thu, 24 Nov 2016 20:24:28 http://ageing.oxfordjournals.org/ finish+++++
LOG : Thu, 24 Nov 2016 20:24:28 parsing---- http://aibsbulletin.oxfordjournals.org/
LOG : Thu, 24 Nov 2016 20:24:30 http://aibsbulletin.oxfordjournals.org/ finish+++++
LOG : Thu, 24 Nov 2016 20:24:30 parsing---- http://alcalc.oxfordjournals.org/
LOG : Thu, 24 Nov 2016 20:24:36 Alcohol and Alcoholism?????http://alcalc.oxfordjournals.org/ : brief empty!!
LOG : Thu, 24 Nov 2016 20:24:36 parsing---- http://ae.oxfordjournals.org/
LOG : Thu, 24 Nov 2016 20:24:38 American Entomologist?????http://ae.oxfordjournals.org/ : brief empty!!
LOG : Thu, 24 Nov 2016 20:24:38 parsing---- http://ahr.oxfordjournals.org/
LOG : Thu, 24 Nov 2016 20:25:04 http://ahr.oxfordjournals.org/ finish+++++
LOG : Thu, 24 Nov 2016 20:25:04 parsing---- http://ajae.oxfordjournals.org/
LOG : Thu, 24 Nov 2016 20:25:06 http://ajae.oxfordjournals.org/ finish+++++
LOG : Thu, 24 Nov 2016 20:25:06 parsing---- http://ajcp.oxfordjournals.org/
LOG : Thu, 24 Nov 2016 20:25:13 American Journal of Clinical Pathology?????http://ajcp.oxfordjournals.org/ : brief empty!!
LOG : Thu, 24 Nov 2016 20:25:13 parsing---- http://aje.oxfordjournals.org/
LOG : Thu, 24 Nov 2016 20:25:15 http://aje.oxfordjournals.org/ finish+++++
LOG : Thu, 24 Nov 2016 20:25:15 parsing---- http://ajh.oxfordjournals.org/
LOG : Thu, 24 Nov 2016 20:25:18 http://ajh.oxfordjournals.org/ finish+++++
LOG : Thu, 24 Nov 2016 20:25:18 parsing---- http://ajj.oxfordjournals.org/
LOG : Thu, 24 Nov 2016 20:25:20 http://ajj.oxfordjournals.org/ finish+++++
LOG : Thu, 24 Nov 2016 20:25:20 parsing---- http://ajlh.oxfordjournals.org/
LOG : Thu, 24 Nov 2016 20:25:27 American Journal of Legal History?????http://ajlh.oxfordjournals.org/ : brief empty!!
LOG : Thu, 24 Nov 2016 20:25:27 parsing---- http://aler.oxfordjournals.org/
LOG : Thu, 24 Nov 2016 20:25:31 http://aler.oxfordjournals.org/ finish+++++
LOG : Thu, 24 Nov 2016 20:25:31 parsing---- http://alh.oxfordjournals.org
LOG : Thu, 24 Nov 2016 20:25:34 http://alh.oxfordjournals.org finish+++++
LOG : Thu, 24 Nov 2016 20:25:34 parsing---- http://az.oxfordjournals.org/
LOG : Thu, 24 Nov 2016 20:25:41 American Zoologist?????http://az.oxfordjournals.org/ : brief empty!!
LOG : Thu, 24 Nov 2016 20:25:41 parsing---- http://analysis.oxfordjournals.org
LOG : Thu, 24 Nov 2016 20:25:44 http://analysis.oxfordjournals.org finish+++++
LOG : Thu, 24 Nov 2016 20:25:44 parsing---- http://aob.oxfordjournals.org/
LOG : Thu, 24 Nov 2016 20:25:47 http://aob.oxfordjournals.org/ finish+++++
LOG : Thu, 24 Nov 2016 20:25:47 parsing---- http://aesa.oxfordjournals.org/
LOG : Thu, 24 Nov 2016 20:25:54 Annals of the Entomological Society of America?????http://aesa.oxfordjournals.org/ : brief empty!!
LOG : Thu, 24 Nov 2016 20:25:54 parsing---- http://annhyg.oxfordjournals.org
LOG : Thu, 24 Nov 2016 20:25:58 http://annhyg.oxfordjournals.org finish+++++
LOG : Thu, 24 Nov 2016 20:25:58 parsing---- http://annonc.oxfordjournals.org
LOG : Thu, 24 Nov 2016 20:26:01 http://annonc.oxfordjournals.org finish+++++
LOG : Thu, 24 Nov 2016 20:26:01 parsing---- http://aobpla.oxfordjournals.org/
LOG : Thu, 24 Nov 2016 20:26:06 http://aobpla.oxfordjournals.org/ finish+++++
LOG : Thu, 24 Nov 2016 20:26:06 parsing---- http://aepp.oxfordjournals.org/
LOG : Thu, 24 Nov 2016 20:26:12 http://aepp.oxfordjournals.org/ finish+++++
LOG : Thu, 24 Nov 2016 20:26:12 parsing---- http://applij.oxfordjournals.org/
LOG : Thu, 24 Nov 2016 20:26:14 http://applij.oxfordjournals.org/ finish+++++
LOG : Thu, 24 Nov 2016 20:26:14 parsing---- http://amrx.oxfordjournals.org
LOG : Thu, 24 Nov 2016 20:26:18 http://amrx.oxfordjournals.org finish+++++
LOG : Thu, 24 Nov 2016 20:26:18 parsing---- http://arbitration.oxfordjournals.org/
LOG : Thu, 24 Nov 2016 20:26:27 Arbitration International?????http://arbitration.oxfordjournals.org/ : brief empty!!
LOG : Thu, 24 Nov 2016 20:26:27 parsing---- http://alrr.oxfordjournals.org/
LOG : Thu, 24 Nov 2016 20:26:30 http://alrr.oxfordjournals.org/ finish+++++
LOG : Thu, 24 Nov 2016 20:26:30 parsing---- http://acn.oxfordjournals.org/
LOG : Thu, 24 Nov 2016 20:26:32 http://acn.oxfordjournals.org/ finish+++++
LOG : Thu, 24 Nov 2016 20:26:32 parsing---- http://aristoteliansupp.oxfordjournals.org/
LOG : Thu, 24 Nov 2016 20:26:40 Aristotelian Society Supplementary Volume?????http://aristoteliansupp.oxfordjournals.org/ : brief empty!!
LOG : Thu, 24 Nov 2016 20:26:40 parsing---- http://amt.oxfordjournals.org/
LOG : Thu, 24 Nov 2016 20:26:47 Arthropod Management Tests?????http://amt.oxfordjournals.org/ : brief empty!!
LOG : Thu, 24 Nov 2016 20:26:47 parsing---- http://astrogeo.oxfordjournals.org/
LOG : Thu, 24 Nov 2016 20:26:50 http://astrogeo.oxfordjournals.org/ finish+++++
LOG : Thu, 24 Nov 2016 20:26:50 parsing---- http://background.oxfordjournals.org/
LOG : Thu, 24 Nov 2016 20:26:57 Background?????http://background.oxfordjournals.org/ : brief empty!!
LOG : Thu, 24 Nov 2016 20:26:57 parsing---- http://backgroundwp.oxfordjournals.org/
LOG : Thu, 24 Nov 2016 20:27:02 Background on World Politics?????http://backgroundwp.oxfordjournals.org/ : brief empty!!
LOG : Thu, 24 Nov 2016 20:27:02 parsing---- http://beheco.oxfordjournals.org
LOG : Thu, 24 Nov 2016 20:27:04 http://beheco.oxfordjournals.org finish+++++
LOG : Thu, 24 Nov 2016 20:27:04 parsing---- http://bioinformatics.oxfordjournals.org/
LOG : Thu, 24 Nov 2016 20:27:09 http://bioinformatics.oxfordjournals.org/ finish+++++
LOG : Thu, 24 Nov 2016 20:27:09 parsing---- http://biomethods.oxfordjournals.org/
LOG : Thu, 24 Nov 2016 20:27:16 Biology Methods and Protocols?????http://biomethods.oxfordjournals.org/ : brief empty!!
LOG : Thu, 24 Nov 2016 20:27:16 parsing---- http://biomet.oxfordjournals.org
LOG : Thu, 24 Nov 2016 20:27:18 http://biomet.oxfordjournals.org finish+++++
LOG : Thu, 24 Nov 2016 20:27:18 parsing---- http://bioscience.oxfordjournals.org
LOG : Thu, 24 Nov 2016 20:27:20 http://bioscience.oxfordjournals.org finish+++++
LOG : Thu, 24 Nov 2016 20:27:20 parsing---- http://biohorizons.oxfordjournals.org/
LOG : Thu, 24 Nov 2016 20:27:23 http://biohorizons.oxfordjournals.org/ finish+++++
LOG : Thu, 24 Nov 2016 20:27:23 parsing---- http://biostatistics.oxfordjournals.org
LOG : Thu, 24 Nov 2016 20:27:25 http://biostatistics.oxfordjournals.org finish+++++
LOG : Thu, 24 Nov 2016 20:27:25 parsing---- http://bja.oxfordjournals.org/
LOG : Thu, 24 Nov 2016 20:27:32 http://bja.oxfordjournals.org/ finish+++++
LOG : Thu, 24 Nov 2016 20:27:32 parsing---- http://bjaed.oxfordjournals.org/
LOG : Thu, 24 Nov 2016 20:27:35 BJA Education?????http://bjaed.oxfordjournals.org/ : brief empty!!
LOG : Thu, 24 Nov 2016 20:27:35 parsing---- http://brain.oxfordjournals.org
LOG : Thu, 24 Nov 2016 20:27:43 Brain?????http://brain.oxfordjournals.org : brief empty!!
LOG : Thu, 24 Nov 2016 20:27:43 parsing---- http://bib.oxfordjournals.org/
LOG : Thu, 24 Nov 2016 20:27:47 http://bib.oxfordjournals.org/ finish+++++
LOG : Thu, 24 Nov 2016 20:27:47 parsing---- http://bfg.oxfordjournals.org/
LOG : Thu, 24 Nov 2016 20:27:50 http://bfg.oxfordjournals.org/ finish+++++
LOG : Thu, 24 Nov 2016 20:27:50 parsing---- http://bjaesthetics.oxfordjournals.org
LOG : Thu, 24 Nov 2016 20:27:53 The British Journal of Aesthetics?????http://bjaesthetics.oxfordjournals.org : brief empty!!
LOG : Thu, 24 Nov 2016 20:27:53 parsing---- http://bjc.oxfordjournals.org/
LOG : Thu, 24 Nov 2016 20:27:56 http://bjc.oxfordjournals.org/ finish+++++
LOG : Thu, 24 Nov 2016 20:27:56 parsing---- http://bjps.oxfordjournals.org/
LOG : Thu, 24 Nov 2016 20:28:00 http://bjps.oxfordjournals.org/ finish+++++
LOG : Thu, 24 Nov 2016 20:28:00 parsing---- http://bjsw.oxfordjournals.org
LOG : Thu, 24 Nov 2016 20:28:04 http://bjsw.oxfordjournals.org finish+++++
LOG : Thu, 24 Nov 2016 20:28:04 parsing---- http://bmb.oxfordjournals.org/
LOG : Thu, 24 Nov 2016 20:28:07 http://bmb.oxfordjournals.org/ finish+++++
LOG : Thu, 24 Nov 2016 20:28:07 parsing---- http://bybil.oxfordjournals.org/
LOG : Thu, 24 Nov 2016 20:28:09 http://bybil.oxfordjournals.org/ finish+++++
LOG : Thu, 24 Nov 2016 20:28:09 parsing---- http://besa.oxfordjournals.org/
LOG : Thu, 24 Nov 2016 20:28:14 Bulletin of the Entomological Society of America?????http://besa.oxfordjournals.org/ : brief empty!!
LOG : Thu, 24 Nov 2016 20:28:14 parsing---- http://blms.oxfordjournals.org/
LOG : Thu, 24 Nov 2016 20:28:17 http://blms.oxfordjournals.org/ finish+++++
LOG : Thu, 24 Nov 2016 20:28:17 parsing---- http://cje.oxfordjournals.org
LOG : Thu, 24 Nov 2016 20:28:22 http://cje.oxfordjournals.org finish+++++
LOG : Thu, 24 Nov 2016 20:28:22 parsing---- http://cjres.oxfordjournals.org/
LOG : Thu, 24 Nov 2016 20:28:25 http://cjres.oxfordjournals.org/ finish+++++
LOG : Thu, 24 Nov 2016 20:28:25 parsing---- http://camqtly.oxfordjournals.org
LOG : Thu, 24 Nov 2016 20:28:29 http://camqtly.oxfordjournals.org finish+++++
LOG : Thu, 24 Nov 2016 20:28:29 parsing---- http://cmlj.oxfordjournals.org
LOG : Thu, 24 Nov 2016 20:28:34 http://cmlj.oxfordjournals.org finish+++++
LOG : Thu, 24 Nov 2016 20:28:34 parsing---- http://carcin.oxfordjournals.org
LOG : Thu, 24 Nov 2016 20:28:37 Carcinogenesis?????http://carcin.oxfordjournals.org : brief empty!!
LOG : Thu, 24 Nov 2016 20:28:37 parsing---- http://cardiovascres.oxfordjournals.org/
LOG : Thu, 24 Nov 2016 20:28:46 Cardiovascular Research?????http://cardiovascres.oxfordjournals.org/ : brief empty!!
LOG : Thu, 24 Nov 2016 20:28:46 parsing---- http://cercor.oxfordjournals.org/
LOG : Thu, 24 Nov 2016 20:28:50 http://cercor.oxfordjournals.org/ finish+++++
LOG : Thu, 24 Nov 2016 20:28:50 parsing---- http://cesifo.oxfordjournals.org
LOG : Thu, 24 Nov 2016 20:28:54 http://cesifo.oxfordjournals.org finish+++++
LOG : Thu, 24 Nov 2016 20:28:54 parsing---- http://chemse.oxfordjournals.org/
LOG : Thu, 24 Nov 2016 20:28:58 http://chemse.oxfordjournals.org/ finish+++++
LOG : Thu, 24 Nov 2016 20:28:58 parsing---- http://cs.oxfordjournals.org/
LOG : Thu, 24 Nov 2016 20:29:04 http://cs.oxfordjournals.org/ finish+++++
LOG : Thu, 24 Nov 2016 20:29:04 parsing---- http://cjcl.oxfordjournals.org/
LOG : Thu, 24 Nov 2016 20:29:07 http://cjcl.oxfordjournals.org/ finish+++++
LOG : Thu, 24 Nov 2016 20:29:07 parsing---- http://chinesejil.oxfordjournals.org/
LOG : Thu, 24 Nov 2016 20:29:10 http://chinesejil.oxfordjournals.org/ finish+++++
LOG : Thu, 24 Nov 2016 20:29:10 parsing---- http://cjip.oxfordjournals.org/
LOG : Thu, 24 Nov 2016 20:29:14 http://cjip.oxfordjournals.org/ finish+++++
LOG : Thu, 24 Nov 2016 20:29:14 parsing---- http://cb.oxfordjournals.org/
LOG : Thu, 24 Nov 2016 20:29:16 http://cb.oxfordjournals.org/ finish+++++
LOG : Thu, 24 Nov 2016 20:29:16 parsing---- http://crj.oxfordjournals.org
LOG : Thu, 24 Nov 2016 20:29:19 http://crj.oxfordjournals.org finish+++++
LOG : Thu, 24 Nov 2016 20:29:19 parsing---- http://cid.oxfordjournals.org/
LOG : Thu, 24 Nov 2016 20:29:21 http://cid.oxfordjournals.org/ finish+++++
LOG : Thu, 24 Nov 2016 20:29:21 parsing---- http://ckj.oxfordjournals.org
LOG : Thu, 24 Nov 2016 20:29:23 http://ckj.oxfordjournals.org finish+++++
LOG : Thu, 24 Nov 2016 20:29:23 parsing---- http://cdj.oxfordjournals.org
LOG : Thu, 24 Nov 2016 20:29:26 http://cdj.oxfordjournals.org finish+++++
LOG : Thu, 24 Nov 2016 20:29:26 parsing---- http://comjnl.oxfordjournals.org/
LOG : Thu, 24 Nov 2016 20:29:28 http://comjnl.oxfordjournals.org/ finish+++++
LOG : Thu, 24 Nov 2016 20:29:28 parsing---- http://conphys.oxfordjournals.org/
LOG : Thu, 24 Nov 2016 20:29:36 http://conphys.oxfordjournals.org/ finish+++++
LOG : Thu, 24 Nov 2016 20:29:36 parsing---- http://cww.oxfordjournals.org/
LOG : Thu, 24 Nov 2016 20:29:38 http://cww.oxfordjournals.org/ finish+++++
LOG : Thu, 24 Nov 2016 20:29:38 parsing---- http://ceaccp.oxfordjournals.org/
LOG : Thu, 24 Nov 2016 20:29:40 http://ceaccp.oxfordjournals.org/ finish+++++
LOG : Thu, 24 Nov 2016 20:29:40 parsing---- http://cpe.oxfordjournals.org
LOG : Thu, 24 Nov 2016 20:29:44 http://cpe.oxfordjournals.org finish+++++
LOG : Thu, 24 Nov 2016 20:29:44 parsing---- http://criticalvalues.oxfordjournals.org/
LOG : Thu, 24 Nov 2016 20:29:49 Critical Values?????http://criticalvalues.oxfordjournals.org/ : brief empty!!
LOG : Thu, 24 Nov 2016 20:29:49 parsing---- http://clp.oxfordjournals.org/
LOG : Thu, 24 Nov 2016 20:29:52 Current Legal Problems?????http://clp.oxfordjournals.org/ : brief empty!!
LOG : Thu, 24 Nov 2016 20:29:52 parsing---- http://cz.oxfordjournals.org/
LOG : Thu, 24 Nov 2016 20:29:57 Current Zoology?????http://cz.oxfordjournals.org/ : brief empty!!
LOG : Thu, 24 Nov 2016 20:29:57 parsing---- http://database.oxfordjournals.org/
LOG : Thu, 24 Nov 2016 20:29:59 http://database.oxfordjournals.org/ finish+++++
LOG : Thu, 24 Nov 2016 20:29:59 parsing---- http://dsh.oxfordjournals.org/
LOG : Thu, 24 Nov 2016 20:30:01 Digital Scholarship in the Humanities?????http://dsh.oxfordjournals.org/ : brief empty!!
LOG : Thu, 24 Nov 2016 20:30:01 parsing---- http://dh.oxfordjournals.org
LOG : Thu, 24 Nov 2016 20:30:03 http://dh.oxfordjournals.org finish+++++
LOG : Thu, 24 Nov 2016 20:30:03 parsing---- http://dnaresearch.oxfordjournals.org/
LOG : Thu, 24 Nov 2016 20:30:11 http://dnaresearch.oxfordjournals.org/ finish+++++
LOG : Thu, 24 Nov 2016 20:30:11 parsing---- http://climatesystem.oxfordjournals.org/
LOG : Thu, 24 Nov 2016 20:30:21 Dynamics and Statistics of the Climate System?????http://climatesystem.oxfordjournals.org/ : brief empty!!
LOG : Thu, 24 Nov 2016 20:30:21 parsing---- http://em.oxfordjournals.org
LOG : Thu, 24 Nov 2016 20:30:23 http://em.oxfordjournals.org finish+++++
LOG : Thu, 24 Nov 2016 20:30:23 parsing---- http://economicpolicy.oxfordjournals.org/
LOG : Thu, 24 Nov 2016 20:30:26 Economic Policy?????http://economicpolicy.oxfordjournals.org/ : brief empty!!
LOG : Thu, 24 Nov 2016 20:30:26 parsing---- http://eltj.oxfordjournals.org/
LOG : Thu, 24 Nov 2016 20:30:31 http://eltj.oxfordjournals.org/ finish+++++
LOG : Thu, 24 Nov 2016 20:30:31 parsing---- http://english.oxfordjournals.org
LOG : Thu, 24 Nov 2016 20:30:37 http://english.oxfordjournals.org finish+++++
LOG : Thu, 24 Nov 2016 20:30:37 parsing---- http://ehr.oxfordjournals.org
LOG : Thu, 24 Nov 2016 20:30:41 The English Historical Review?????http://ehr.oxfordjournals.org : brief empty!!
LOG : Thu, 24 Nov 2016 20:30:41 parsing---- http://ee.oxfordjournals.org/
LOG : Thu, 24 Nov 2016 20:30:45 Environmental Entomology?????http://ee.oxfordjournals.org/ : brief empty!!
LOG : Thu, 24 Nov 2016 20:30:45 parsing---- http://eep.oxfordjournals.org/
LOG : Thu, 24 Nov 2016 20:30:51 Environmental Epigenetics?????http://eep.oxfordjournals.org/ : brief empty!!
LOG : Thu, 24 Nov 2016 20:30:51 parsing---- http://envhis.oxfordjournals.org
LOG : Thu, 24 Nov 2016 20:30:56 http://envhis.oxfordjournals.org finish+++++
LOG : Thu, 24 Nov 2016 20:30:56 parsing---- http://envihistrevi.oxfordjournals.org/
LOG : Thu, 24 Nov 2016 20:30:59 http://envihistrevi.oxfordjournals.org/ finish+++++
LOG : Thu, 24 Nov 2016 20:30:59 parsing---- http://europace.oxfordjournals.org/
LOG : Thu, 24 Nov 2016 20:31:02 EP Europace?????http://europace.oxfordjournals.org/ : brief empty!!
LOG : Thu, 24 Nov 2016 20:31:02 parsing---- http://epirev.oxfordjournals.org/
LOG : Thu, 24 Nov 2016 20:31:05 http://epirev.oxfordjournals.org/ finish+++++
LOG : Thu, 24 Nov 2016 20:31:05 parsing---- http://eshremonographs.oxfordjournals.org/
LOG : Thu, 24 Nov 2016 20:31:08 http://eshremonographs.oxfordjournals.org/ finish+++++
LOG : Thu, 24 Nov 2016 20:31:08 parsing---- http://eic.oxfordjournals.org/
LOG : Thu, 24 Nov 2016 20:31:10 http://eic.oxfordjournals.org/ finish+++++
LOG : Thu, 24 Nov 2016 20:31:10 parsing---- http://eurheartj.oxfordjournals.org/
LOG : Thu, 24 Nov 2016 20:31:18 European Heart Journal?????http://eurheartj.oxfordjournals.org/ : brief empty!!
LOG : Thu, 24 Nov 2016 20:31:18 parsing---- http://ehjcimaging.oxfordjournals.org/
LOG : Thu, 24 Nov 2016 20:31:30 European Heart Journal - Cardiovascular Imaging?????http://ehjcimaging.oxfordjournals.org/ : brief empty!!
LOG : Thu, 24 Nov 2016 20:31:30 parsing---- http://ehjcvp.oxfordjournals.org/
LOG : Thu, 24 Nov 2016 20:31:37 European Heart Journal - Cardiovascular Pharmacotherapy?????http://ehjcvp.oxfordjournals.org/ : brief empty!!
LOG : Thu, 24 Nov 2016 20:31:37 parsing---- http://ehjqcco.oxfordjournals.org/
LOG : Thu, 24 Nov 2016 20:31:42 European Heart Journal - Quality of Care and Clinical Outcomes?????http://ehjqcco.oxfordjournals.org/ : brief empty!!
LOG : Thu, 24 Nov 2016 20:31:42 parsing---- http://eurheartjsupp.oxfordjournals.org/
LOG : Thu, 24 Nov 2016 20:31:50 European Heart Journal Supplements?????http://eurheartjsupp.oxfordjournals.org/ : brief empty!!
LOG : Thu, 24 Nov 2016 20:31:50 parsing---- http://ejcts.oxfordjournals.org/
LOG : Thu, 24 Nov 2016 20:32:07 http://ejcts.oxfordjournals.org/ finish+++++
LOG : Thu, 24 Nov 2016 20:32:07 parsing---- http://ejil.oxfordjournals.org
LOG : Thu, 24 Nov 2016 20:32:10 http://ejil.oxfordjournals.org finish+++++
LOG : Thu, 24 Nov 2016 20:32:10 parsing---- http://ejo.oxfordjournals.org/
LOG : Thu, 24 Nov 2016 20:32:15 European Journal of Orthodontics?????http://ejo.oxfordjournals.org/ : brief empty!!
LOG : Thu, 24 Nov 2016 20:32:15 parsing---- http://eurpub.oxfordjournals.org
LOG : Thu, 24 Nov 2016 20:32:18 European Journal of Public Health?????http://eurpub.oxfordjournals.org : brief empty!!
LOG : Thu, 24 Nov 2016 20:32:18 parsing---- http://erae.oxfordjournals.org
LOG : Thu, 24 Nov 2016 20:32:23 http://erae.oxfordjournals.org finish+++++
LOG : Thu, 24 Nov 2016 20:32:23 parsing---- http://ereh.oxfordjournals.org/
LOG : Thu, 24 Nov 2016 20:32:25 http://ereh.oxfordjournals.org/ finish+++++
LOG : Thu, 24 Nov 2016 20:32:25 parsing---- http://esr.oxfordjournals.org
LOG : Thu, 24 Nov 2016 20:32:27 http://esr.oxfordjournals.org finish+++++
LOG : Thu, 24 Nov 2016 20:32:27 parsing---- http://emph.oxfordjournals.org/
LOG : Thu, 24 Nov 2016 20:32:30 http://emph.oxfordjournals.org/ finish+++++
LOG : Thu, 24 Nov 2016 20:32:30 parsing---- http://fampra.oxfordjournals.org/
LOG : Thu, 24 Nov 2016 20:32:33 http://fampra.oxfordjournals.org/ finish+++++
LOG : Thu, 24 Nov 2016 20:32:33 parsing---- http://femsim.oxfordjournals.org/
LOG : Thu, 24 Nov 2016 20:32:37 FEMS Immunology & Medical Microbiology?????http://femsim.oxfordjournals.org/ : brief empty!!
LOG : Thu, 24 Nov 2016 20:32:37 parsing---- http://femsec.oxfordjournals.org/
LOG : Thu, 24 Nov 2016 20:32:42 FEMS Microbiology Ecology?????http://femsec.oxfordjournals.org/ : brief empty!!
LOG : Thu, 24 Nov 2016 20:32:42 parsing---- http://femsmi.oxfordjournals.org/
LOG : Thu, 24 Nov 2016 20:32:46 FEMS Microbiology Immunology?????http://femsmi.oxfordjournals.org/ : brief empty!!
LOG : Thu, 24 Nov 2016 20:32:46 parsing---- http://femsle.oxfordjournals.org/
LOG : Thu, 24 Nov 2016 20:32:54 FEMS Microbiology Letters?????http://femsle.oxfordjournals.org/ : brief empty!!
LOG : Thu, 24 Nov 2016 20:32:54 parsing---- http://femsre.oxfordjournals.org/
LOG : Thu, 24 Nov 2016 20:32:59 FEMS Microbiology Reviews?????http://femsre.oxfordjournals.org/ : brief empty!!
LOG : Thu, 24 Nov 2016 20:32:59 parsing---- http://femsyr.oxfordjournals.org/
LOG : Thu, 24 Nov 2016 20:33:05 FEMS Yeast Research?????http://femsyr.oxfordjournals.org/ : brief empty!!
LOG : Thu, 24 Nov 2016 20:33:05 parsing---- http://fpa.oxfordjournals.org/
LOG : Thu, 24 Nov 2016 20:33:13 Foreign Policy Analysis?????http://fpa.oxfordjournals.org/ : brief empty!!
LOG : Thu, 24 Nov 2016 20:33:13 parsing---- http://foreconshist.oxfordjournals.org/
LOG : Thu, 24 Nov 2016 20:33:15 http://foreconshist.oxfordjournals.org/ finish+++++
LOG : Thu, 24 Nov 2016 20:33:15 parsing---- http://forestry.oxfordjournals.org/
LOG : Thu, 24 Nov 2016 20:33:19 http://forestry.oxfordjournals.org/ finish+++++
LOG : Thu, 24 Nov 2016 20:33:19 parsing---- http://fmls.oxfordjournals.org
LOG : Thu, 24 Nov 2016 20:33:21 http://fmls.oxfordjournals.org finish+++++
LOG : Thu, 24 Nov 2016 20:33:21 parsing---- http://fh.oxfordjournals.org
LOG : Thu, 24 Nov 2016 20:33:23 http://fh.oxfordjournals.org finish+++++
LOG : Thu, 24 Nov 2016 20:33:23 parsing---- http://fs.oxfordjournals.org/
LOG : Thu, 24 Nov 2016 20:33:25 http://fs.oxfordjournals.org/ finish+++++
LOG : Thu, 24 Nov 2016 20:33:25 parsing---- http://fsb.oxfordjournals.org
LOG : Thu, 24 Nov 2016 20:33:28 http://fsb.oxfordjournals.org finish+++++
LOG : Thu, 24 Nov 2016 20:33:28 parsing---- http://gastro.oxfordjournals.org
LOG : Thu, 24 Nov 2016 20:33:31 http://gastro.oxfordjournals.org finish+++++
LOG : Thu, 24 Nov 2016 20:33:31 parsing---- http://gbe.oxfordjournals.org/
LOG : Thu, 24 Nov 2016 20:33:34 http://gbe.oxfordjournals.org/ finish+++++
LOG : Thu, 24 Nov 2016 20:33:34 parsing---- http://gji.oxfordjournals.org
LOG : Thu, 24 Nov 2016 20:33:36 http://gji.oxfordjournals.org finish+++++
LOG : Thu, 24 Nov 2016 20:33:36 parsing---- http://gsmnras.oxfordjournals.org/
LOG : Thu, 24 Nov 2016 20:33:38 http://gsmnras.oxfordjournals.org/ finish+++++
LOG : Thu, 24 Nov 2016 20:33:38 parsing---- http://gh.oxfordjournals.org/
LOG : Thu, 24 Nov 2016 20:33:41 http://gh.oxfordjournals.org/ finish+++++
LOG : Thu, 24 Nov 2016 20:33:41 parsing---- http://gerontologist.oxfordjournals.org
LOG : Thu, 24 Nov 2016 20:33:44 http://gerontologist.oxfordjournals.org finish+++++
LOG : Thu, 24 Nov 2016 20:33:44 parsing---- http://globalsummitry.oxfordjournals.org/
LOG : Thu, 24 Nov 2016 20:33:49 Global Summitry?????http://globalsummitry.oxfordjournals.org/ : brief empty!!
LOG : Thu, 24 Nov 2016 20:33:49 parsing---- http://glycob.oxfordjournals.org/
LOG : Thu, 24 Nov 2016 20:33:53 http://glycob.oxfordjournals.org/ finish+++++
LOG : Thu, 24 Nov 2016 20:33:53 parsing---- http://her.oxfordjournals.org
LOG : Thu, 24 Nov 2016 20:33:57 http://her.oxfordjournals.org finish+++++
LOG : Thu, 24 Nov 2016 20:33:57 parsing---- http://heapol.oxfordjournals.org/
LOG : Thu, 24 Nov 2016 20:34:00 http://heapol.oxfordjournals.org/ finish+++++
LOG : Thu, 24 Nov 2016 20:34:00 parsing---- http://heapro.oxfordjournals.org
LOG : Thu, 24 Nov 2016 20:34:03 http://heapro.oxfordjournals.org finish+++++
LOG : Thu, 24 Nov 2016 20:34:03 parsing---- http://hsw.oxfordjournals.org/
LOG : Thu, 24 Nov 2016 20:34:06 http://hsw.oxfordjournals.org/ finish+++++
LOG : Thu, 24 Nov 2016 20:34:06 parsing---- http://hwj.oxfordjournals.org
LOG : Thu, 24 Nov 2016 20:34:10 http://hwj.oxfordjournals.org finish+++++
LOG : Thu, 24 Nov 2016 20:34:10 parsing---- http://hgs.oxfordjournals.org
LOG : Thu, 24 Nov 2016 20:34:13 http://hgs.oxfordjournals.org finish+++++
LOG : Thu, 24 Nov 2016 20:34:13 parsing---- http://hmg.oxfordjournals.org
LOG : Thu, 24 Nov 2016 20:34:15 http://hmg.oxfordjournals.org finish+++++
LOG : Thu, 24 Nov 2016 20:34:15 parsing---- http://humrep.oxfordjournals.org
LOG : Thu, 24 Nov 2016 20:34:17 http://humrep.oxfordjournals.org finish+++++
LOG : Thu, 24 Nov 2016 20:34:17 parsing---- http://humupd.oxfordjournals.org
LOG : Thu, 24 Nov 2016 20:34:19 http://humupd.oxfordjournals.org finish+++++
LOG : Thu, 24 Nov 2016 20:34:19 parsing---- http://hrlr.oxfordjournals.org
LOG : Thu, 24 Nov 2016 20:34:22 http://hrlr.oxfordjournals.org finish+++++
LOG : Thu, 24 Nov 2016 20:34:22 parsing---- http://icesjms.oxfordjournals.org/
LOG : Thu, 24 Nov 2016 20:34:26 http://icesjms.oxfordjournals.org/ finish+++++
LOG : Thu, 24 Nov 2016 20:34:26 parsing---- http://icsidreview.oxfordjournals.org
LOG : Thu, 24 Nov 2016 20:34:28 http://icsidreview.oxfordjournals.org finish+++++
LOG : Thu, 24 Nov 2016 20:34:28 parsing---- http://ilarjournal.oxfordjournals.org
LOG : Thu, 24 Nov 2016 20:34:32 http://ilarjournal.oxfordjournals.org finish+++++
LOG : Thu, 24 Nov 2016 20:34:32 parsing---- http://imamat.oxfordjournals.org
LOG : Thu, 24 Nov 2016 20:34:34 http://imamat.oxfordjournals.org finish+++++
LOG : Thu, 24 Nov 2016 20:34:34 parsing---- http://imaman.oxfordjournals.org
LOG : Thu, 24 Nov 2016 20:34:40 http://imaman.oxfordjournals.org finish+++++
LOG : Thu, 24 Nov 2016 20:34:40 parsing---- http://imamci.oxfordjournals.org/
LOG : Thu, 24 Nov 2016 20:34:43 http://imamci.oxfordjournals.org/ finish+++++
LOG : Thu, 24 Nov 2016 20:34:43 parsing---- http://imajna.oxfordjournals.org
LOG : Thu, 24 Nov 2016 20:34:45 http://imajna.oxfordjournals.org finish+++++
LOG : Thu, 24 Nov 2016 20:34:45 parsing---- http://icc.oxfordjournals.org
LOG : Thu, 24 Nov 2016 20:34:49 http://icc.oxfordjournals.org finish+++++
LOG : Thu, 24 Nov 2016 20:34:49 parsing---- http://ilj.oxfordjournals.org
LOG : Thu, 24 Nov 2016 20:34:53 http://ilj.oxfordjournals.org finish+++++
LOG : Thu, 24 Nov 2016 20:34:53 parsing---- http://imaiai.oxfordjournals.org/
LOG : Thu, 24 Nov 2016 20:34:56 http://imaiai.oxfordjournals.org/ finish+++++
LOG : Thu, 24 Nov 2016 20:34:56 parsing---- http://icb.oxfordjournals.org/
LOG : Thu, 24 Nov 2016 20:34:58 url: http://icb.oxfordjournals.org/ WA ****check your func parse_one
LOG : Thu, 24 Nov 2016 20:34:58 TypeError('expected string or buffer',)
